2026-07-02 20:59:14.158 | INFO     | __main__:verify_captcha:338 - {'data': {'result': True, 'zoneId': 'CN31', 'token': 'dc6d7128c8e54e9292bbbe1cc91449ac', 'validate': 'smU5uUd8C4R6FE5occftQk3OC9zFQ3qvmQJlX0BjwKesaqK6BJ0Z0NtdiTPzf1li5AnFVmqv4ueCJqYCig55fjXMs136VcByxFqjWekRoiPVj7l5WVyXvmuI770IFgmrSGmmpDta+ng8T0Eg7WznG9y4iM1WgNlVBQYi6EYK31w='}, 'error': 0, 'msg': 'ok'}
2026-07-02 20:59:14.158 | SUCCESS  | __main__:verify_captcha:341 - 验证码验证成功
2026-07-02 20:59:14.161 | INFO     | __main__:send_sms:358 - validate=CN31_Y.LipisPaaShmzptpgWVfK1iRLgRjsTqrcIWbPErqfBPF6XnDJRVrVix.gbOBmIs4Wdt4wgZ1GrGzm4g2ss811nwsUpEh.DEJbdJtjphmBURErJVvyQpkG6cZh.AuY..cGBMa*kc3ujeOil21AOEsamn39y1nxWwEQ2EHIV1VwekP.03ac15JrubzMKVqASPhb5rfxvOK4l3Zqy_3at*VEmjpVooM6kLUBoqZhEJ.l3cdRM46w30EuAkIyKtoHoEabKuECaKSXA50ALCDkthMg1ZMwE2JYD2aAxpgl61AC.bIdRmIbUO0yX5C96nyO0Q*kItHLkBxazGO0XnrtDr34fVlzX3wMwiGYkN_kF5H2cKougfCXMyj9XTROkLgqlZwLr9QF*tK6RzFvKc2Hf9RjR.nPUtzhG2oNXVpgr*RKxEfFKFtoN_qAp5GaSHw.KH82s6YNuzjrVtuF*fGv.nTCokFWy2cQEgmk1PjbSGEEUTEbA3FPOmnwrMEZwPE3d0*.zgPM77_v_i_1&mobile=13989495633
2026-07-02 20:59:14.365 | INFO     | __main__:send_sms:379 - {'code': 0, 'message': '短信验证码发送错误'}
2026-07-02 20:59:15.774 | INFO     | __main__:verify_captcha:338 - {'data': {'result': True, 'zoneId': 'CN31', 'token': 'ef37b5955a094f4092f5648d85bf9b18', 'validate': 'smU5uUd8C4R6FE5occftQk3OC9zFQ3qvmQJlX0BjwKesaqK6BJ0Z0NtdiTPzf1li5AnFVmqv4ueCJqYCig55fjXMs136VcByxFqjWekRoiMhPxPY5DZ9HUnc2/kDNk5aSGebtLMko+JqA5rxC2SEvD0qIDoUEVPEUObuQEoCnN4='}, 'error': 0, 'msg': 'ok'}
2026-07-02 20:59:15.774 | INFO     | __main__:verify_captcha:338 - {'data': {'result': True, 'zoneId': 'CN31', 'token': 'ef37b5955a094f4092f5648d85bf9b18', 'validate': 'smU5uUd8C4R6FE5occftQk3OC9zFQ3qvmQJlX0BjwKesaqK6BJ0Z0NtdiTPzf1li5AnFVmqv4ueCJqYCig55fjXMs136VcByxFqjWekRoiMhPxPY5DZ9HUnc2/kDNk5aSGebtLMko+JqA5rxC2SEvD0qIDoUEVPEUObuQEoCnN4='}, 'error': 0, 'msg': 'ok'}
2026-07-02 20:59:15.775 | SUCCESS  | __main__:verify_captcha:341 - 验证码验证成功
2026-07-02 20:59:15.775 | SUCCESS  | __main__:verify_captcha:341 - 验证码验证成功
2026-07-02 20:59:15.778 | INFO     | __main__:send_sms:358 - validate=CN31_l2Z62zIZC0pwZp3y1CayOI6cqjQTxB6Tx0AuNpKtPEOnGwM*lwjdnr8UH1pPFfW8dC.Rb4mUBGnyKzPX1Vz3o3KGWmhAaqwIXxqv5fMcwEUMDkZ_MRoowUY9e_V.uSBC6B*8j.XdZHoW4zV*uS61._WeIL1mMzHRtyTwLTZGJMmD2z_JuB8.faf0qset96nm8fazUT9FkVHyTslYOVIJ3YoOKhKAI.zty6Tn4esezBIO65VSL0nC*jJIjWg1grDJ1X22RAUqbWSgOw*tb1Y3JxzsO90LH5x0q6pMWAKXQF1iD0WXwJ.HQLLamGdC*Z6XQDl.VOIl_JC6ZwQJBS2GrHHvli5WGqtxkXMysfFtVWtzbWG4.LBo.Ko*vCd*NEScCoHKfAwDFzQEcotUKlvn8XBXexaLS6D8QuAEIlEQu5ha4Wy9lPTc16PGcb5sGase5gvoJiqNYDE.Gn8Qz9nt*8RfJ5w086HtN6CwJdg1aT3Qn4236H*iFdDx.tIUumm1VtSMlg77_v_i_1&mobile=13989778540
2026-07-02 20:59:15.778 | INFO     | __main__:send_sms:358 - validate=CN31_l2Z62zIZC0pwZp3y1CayOI6cqjQTxB6Tx0AuNpKtPEOnGwM*lwjdnr8UH1pPFfW8dC.Rb4mUBGnyKzPX1Vz3o3KGWmhAaqwIXxqv5fMcwEUMDkZ_MRoowUY9e_V.uSBC6B*8j.XdZHoW4zV*uS61._WeIL1mMzHRtyTwLTZGJMmD2z_JuB8.faf0qset96nm8fazUT9FkVHyTslYOVIJ3YoOKhKAI.zty6Tn4esezBIO65VSL0nC*jJIjWg1grDJ1X22RAUqbWSgOw*tb1Y3JxzsO90LH5x0q6pMWAKXQF1iD0WXwJ.HQLLamGdC*Z6XQDl.VOIl_JC6ZwQJBS2GrHHvli5WGqtxkXMysfFtVWtzbWG4.LBo.Ko*vCd*NEScCoHKfAwDFzQEcotUKlvn8XBXexaLS6D8QuAEIlEQu5ha4Wy9lPTc16PGcb5sGase5gvoJiqNYDE.Gn8Qz9nt*8RfJ5w086HtN6CwJdg1aT3Qn4236H*iFdDx.tIUumm1VtSMlg77_v_i_1&mobile=13989778540
2026-07-02 20:59:15.879 | INFO     | __main__:send_sms:379 - {'code': 0, 'message': '短信验证码发送错误'}
2026-07-02 20:59:15.879 | INFO     | __main__:send_sms:379 - {'code': 0, 'message': '短信验证码发送错误'}
2026-07-02 20:59:19.312 | INFO     | __main__:verify_captcha:338 - {'data': {'result': True, 'zoneId': 'CN31', 'token': '325852f137814c76b8a2f3b97ae95cdf', 'validate': 'smU5uUd8C4R6FE5occftQk3OC9zFQ3qvmQJlX0BjwKesaqK6BJ0Z0NtdiTPzf1li5AnFVmqv4ueCJqYCig55fjXMs136VcByxFqjWekRoiN5qA/uW/+ezU1/QeVaXjdPvlg2K2Y2WhW1OgK2D9aSOO5z0mKO5C26UbDeMA+akOQ='}, 'error': 0, 'msg': 'ok'}
2026-07-02 20:59:19.312 | INFO     | __main__:verify_captcha:338 - {'data': {'result': True, 'zoneId': 'CN31', 'token': '325852f137814c76b8a2f3b97ae95cdf', 'validate': 'smU5uUd8C4R6FE5occftQk3OC9zFQ3qvmQJlX0BjwKesaqK6BJ0Z0NtdiTPzf1li5AnFVmqv4ueCJqYCig55fjXMs136VcByxFqjWekRoiN5qA/uW/+ezU1/QeVaXjdPvlg2K2Y2WhW1OgK2D9aSOO5z0mKO5C26UbDeMA+akOQ='}, 'error': 0, 'msg': 'ok'}
2026-07-02 20:59:19.312 | INFO     | __main__:verify_captcha:338 - {'data': {'result': True, 'zoneId': 'CN31', 'token': '325852f137814c76b8a2f3b97ae95cdf', 'validate': 'smU5uUd8C4R6FE5occftQk3OC9zFQ3qvmQJlX0BjwKesaqK6BJ0Z0NtdiTPzf1li5AnFVmqv4ueCJqYCig55fjXMs136VcByxFqjWekRoiN5qA/uW/+ezU1/QeVaXjdPvlg2K2Y2WhW1OgK2D9aSOO5z0mKO5C26UbDeMA+akOQ='}, 'error': 0, 'msg': 'ok'}
2026-07-02 20:59:19.313 | SUCCESS  | __main__:verify_captcha:341 - 验证码验证成功
2026-07-02 20:59:19.313 | SUCCESS  | __main__:verify_captcha:341 - 验证码验证成功
2026-07-02 20:59:19.313 | SUCCESS  | __main__:verify_captcha:341 - 验证码验证成功
2026-07-02 20:59:19.315 | INFO     | __main__:send_sms:358 - validate=CN31_SKRnY8SyoHUWarLqjDXDKPUrdVozaLc6pYNJich_oWw5k0z5ijPONr*VzvnRLf2dkNJkojx22CYlk8OKoVX4RiJHOV0RmpvQJdA0nkTSadI_yvVFKluvTo*jDRJR8H0BnkJllir.*n*5pC0RaBmBViqnILfYMPtYqeNTFPc*AVgaSx*Ywyo8LUh4v3_aIZV9C4zZe2O4k9t83cm5vhgPmXSLOXzB6ipngHlryU_qqd1HkxPHhJ5VyvlCDX*nsBxf_*5YcZvDyEQMeQQTPAKr6Sa2huJl*fy26FZ1c0UD96J6DFezeeLUxo4NIqKwn_xAb*b8FBo_ssHOqLGE.thif8e*.Xz_.VZYkjuv*6RrBDy0FHI5Y484bSgM43AyqzTAk_PYCuh1dNvWk.3QtxlvI4P_hLE5gaqQnRaMAUbJzInd2RcraKptibVxzUuDDhopg8XR*2gojQMHsIpS23biuIQmebQuSV*R_iFNiCDoC8RiwLXX9ujThbe3oaV2nkh6vhHcBM77_v_i_1&mobile=13953216119
2026-07-02 20:59:19.315 | INFO     | __main__:send_sms:358 - validate=CN31_SKRnY8SyoHUWarLqjDXDKPUrdVozaLc6pYNJich_oWw5k0z5ijPONr*VzvnRLf2dkNJkojx22CYlk8OKoVX4RiJHOV0RmpvQJdA0nkTSadI_yvVFKluvTo*jDRJR8H0BnkJllir.*n*5pC0RaBmBViqnILfYMPtYqeNTFPc*AVgaSx*Ywyo8LUh4v3_aIZV9C4zZe2O4k9t83cm5vhgPmXSLOXzB6ipngHlryU_qqd1HkxPHhJ5VyvlCDX*nsBxf_*5YcZvDyEQMeQQTPAKr6Sa2huJl*fy26FZ1c0UD96J6DFezeeLUxo4NIqKwn_xAb*b8FBo_ssHOqLGE.thif8e*.Xz_.VZYkjuv*6RrBDy0FHI5Y484bSgM43AyqzTAk_PYCuh1dNvWk.3QtxlvI4P_hLE5gaqQnRaMAUbJzInd2RcraKptibVxzUuDDhopg8XR*2gojQMHsIpS23biuIQmebQuSV*R_iFNiCDoC8RiwLXX9ujThbe3oaV2nkh6vhHcBM77_v_i_1&mobile=13953216119
2026-07-02 20:59:19.315 | INFO     | __main__:send_sms:358 - validate=CN31_SKRnY8SyoHUWarLqjDXDKPUrdVozaLc6pYNJich_oWw5k0z5ijPONr*VzvnRLf2dkNJkojx22CYlk8OKoVX4RiJHOV0RmpvQJdA0nkTSadI_yvVFKluvTo*jDRJR8H0BnkJllir.*n*5pC0RaBmBViqnILfYMPtYqeNTFPc*AVgaSx*Ywyo8LUh4v3_aIZV9C4zZe2O4k9t83cm5vhgPmXSLOXzB6ipngHlryU_qqd1HkxPHhJ5VyvlCDX*nsBxf_*5YcZvDyEQMeQQTPAKr6Sa2huJl*fy26FZ1c0UD96J6DFezeeLUxo4NIqKwn_xAb*b8FBo_ssHOqLGE.thif8e*.Xz_.VZYkjuv*6RrBDy0FHI5Y484bSgM43AyqzTAk_PYCuh1dNvWk.3QtxlvI4P_hLE5gaqQnRaMAUbJzInd2RcraKptibVxzUuDDhopg8XR*2gojQMHsIpS23biuIQmebQuSV*R_iFNiCDoC8RiwLXX9ujThbe3oaV2nkh6vhHcBM77_v_i_1&mobile=13953216119
2026-07-02 20:59:19.453 | INFO     | __main__:send_sms:379 - {'code': 0, 'message': '短信验证码发送错误'}
2026-07-02 20:59:19.453 | INFO     | __main__:send_sms:379 - {'code': 0, 'message': '短信验证码发送错误'}
2026-07-02 20:59:19.453 | INFO     | __main__:send_sms:379 - {'code': 0, 'message': '短信验证码发送错误'}
2026-07-02 20:59:20.882 | INFO     | __main__:verify_captcha:338 - {'data': {'result': True, 'zoneId': 'CN31', 'token': '9b22a853832d42d48215ca4993ee5d41', 'validate': 'smU5uUd8C4R6FE5occftQk3OC9zFQ3qvmQJlX0BjwKesaqK6BJ0Z0NtdiTPzf1li5AnFVmqv4ueCJqYCig55fjXMs136VcByxFqjWekRoiO/NTProJku4+gOSB98oNUkG/gHQeysw8OBctoklj8k216JJpRVG1+FDBrNJW2fqfk='}, 'error': 0, 'msg': 'ok'}
2026-07-02 20:59:20.882 | INFO     | __main__:verify_captcha:338 - {'data': {'result': True, 'zoneId': 'CN31', 'token': '9b22a853832d42d48215ca4993ee5d41', 'validate': 'smU5uUd8C4R6FE5occftQk3OC9zFQ3qvmQJlX0BjwKesaqK6BJ0Z0NtdiTPzf1li5AnFVmqv4ueCJqYCig55fjXMs136VcByxFqjWekRoiO/NTProJku4+gOSB98oNUkG/gHQeysw8OBctoklj8k216JJpRVG1+FDBrNJW2fqfk='}, 'error': 0, 'msg': 'ok'}
2026-07-02 20:59:20.882 | INFO     | __main__:verify_captcha:338 - {'data': {'result': True, 'zoneId': 'CN31', 'token': '9b22a853832d42d48215ca4993ee5d41', 'validate': 'smU5uUd8C4R6FE5occftQk3OC9zFQ3qvmQJlX0BjwKesaqK6BJ0Z0NtdiTPzf1li5AnFVmqv4ueCJqYCig55fjXMs136VcByxFqjWekRoiO/NTProJku4+gOSB98oNUkG/gHQeysw8OBctoklj8k216JJpRVG1+FDBrNJW2fqfk='}, 'error': 0, 'msg': 'ok'}
2026-07-02 20:59:20.882 | INFO     | __main__:verify_captcha:338 - {'data': {'result': True, 'zoneId': 'CN31', 'token': '9b22a853832d42d48215ca4993ee5d41', 'validate': 'smU5uUd8C4R6FE5occftQk3OC9zFQ3qvmQJlX0BjwKesaqK6BJ0Z0NtdiTPzf1li5AnFVmqv4ueCJqYCig55fjXMs136VcByxFqjWekRoiO/NTProJku4+gOSB98oNUkG/gHQeysw8OBctoklj8k216JJpRVG1+FDBrNJW2fqfk='}, 'error': 0, 'msg': 'ok'}
2026-07-02 20:59:20.883 | SUCCESS  | __main__:verify_captcha:341 - 验证码验证成功
2026-07-02 20:59:20.883 | SUCCESS  | __main__:verify_captcha:341 - 验证码验证成功
2026-07-02 20:59:20.883 | SUCCESS  | __main__:verify_captcha:341 - 验证码验证成功
2026-07-02 20:59:20.883 | SUCCESS  | __main__:verify_captcha:341 - 验证码验证成功
2026-07-02 20:59:20.886 | INFO     | __main__:send_sms:358 - validate=CN31_zaiZ2oPU9jQj6mzsIXjQMiuPMQHf.Oi9qHcUsHu0699OgseWWfydg1VMv3hQ8HlS9kCwdL2wRXgiINg9gAjq_tHH5lxN0fwVCQtAi4NXYHZn1wNVvJ0osRSkjXBKOYXFT5NYef43u0bf4ZVDZ2F1o6otO1GA80zwFdTAKQyuQhbq1t*wJRB_wlhcB6X3va8zVpy8t8FY2yws.YhnoHUt_0VMCrDMDyzJprnsm513f0UE5opVfyoGBPLRir9qJEB6Vp1hYF2fs5PLfr8tuI8HNccUQIDHaL8OY3LZ1n*zQgcVNLqYjt2928HRBKMCDGYJDwm9d895wDHkBz*bIcshqNYjA_*0fJHpLTDvofYo9.DN91pYuiJWvXXH.e6MUW*vtdXp8ET6Mn8xQpdKmqcY2d3iU0UHNptsGJ9adZfyRQOjoxDVlgII3ZLRPkRW0s_kumJwbDmEhS2sAY1AB_Bpz9nVk8O5f4CH*QiYSwpPzNbqXxX_35XdLjk6rlfJekbZ4wAYlY77_v_i_1&mobile=13923030166
2026-07-02 20:59:20.886 | INFO     | __main__:send_sms:358 - validate=CN31_zaiZ2oPU9jQj6mzsIXjQMiuPMQHf.Oi9qHcUsHu0699OgseWWfydg1VMv3hQ8HlS9kCwdL2wRXgiINg9gAjq_tHH5lxN0fwVCQtAi4NXYHZn1wNVvJ0osRSkjXBKOYXFT5NYef43u0bf4ZVDZ2F1o6otO1GA80zwFdTAKQyuQhbq1t*wJRB_wlhcB6X3va8zVpy8t8FY2yws.YhnoHUt_0VMCrDMDyzJprnsm513f0UE5opVfyoGBPLRir9qJEB6Vp1hYF2fs5PLfr8tuI8HNccUQIDHaL8OY3LZ1n*zQgcVNLqYjt2928HRBKMCDGYJDwm9d895wDHkBz*bIcshqNYjA_*0fJHpLTDvofYo9.DN91pYuiJWvXXH.e6MUW*vtdXp8ET6Mn8xQpdKmqcY2d3iU0UHNptsGJ9adZfyRQOjoxDVlgII3ZLRPkRW0s_kumJwbDmEhS2sAY1AB_Bpz9nVk8O5f4CH*QiYSwpPzNbqXxX_35XdLjk6rlfJekbZ4wAYlY77_v_i_1&mobile=13923030166
2026-07-02 20:59:20.886 | INFO     | __main__:send_sms:358 - validate=CN31_zaiZ2oPU9jQj6mzsIXjQMiuPMQHf.Oi9qHcUsHu0699OgseWWfydg1VMv3hQ8HlS9kCwdL2wRXgiINg9gAjq_tHH5lxN0fwVCQtAi4NXYHZn1wNVvJ0osRSkjXBKOYXFT5NYef43u0bf4ZVDZ2F1o6otO1GA80zwFdTAKQyuQhbq1t*wJRB_wlhcB6X3va8zVpy8t8FY2yws.YhnoHUt_0VMCrDMDyzJprnsm513f0UE5opVfyoGBPLRir9qJEB6Vp1hYF2fs5PLfr8tuI8HNccUQIDHaL8OY3LZ1n*zQgcVNLqYjt2928HRBKMCDGYJDwm9d895wDHkBz*bIcshqNYjA_*0fJHpLTDvofYo9.DN91pYuiJWvXXH.e6MUW*vtdXp8ET6Mn8xQpdKmqcY2d3iU0UHNptsGJ9adZfyRQOjoxDVlgII3ZLRPkRW0s_kumJwbDmEhS2sAY1AB_Bpz9nVk8O5f4CH*QiYSwpPzNbqXxX_35XdLjk6rlfJekbZ4wAYlY77_v_i_1&mobile=13923030166
2026-07-02 20:59:20.886 | INFO     | __main__:send_sms:358 - validate=CN31_zaiZ2oPU9jQj6mzsIXjQMiuPMQHf.Oi9qHcUsHu0699OgseWWfydg1VMv3hQ8HlS9kCwdL2wRXgiINg9gAjq_tHH5lxN0fwVCQtAi4NXYHZn1wNVvJ0osRSkjXBKOYXFT5NYef43u0bf4ZVDZ2F1o6otO1GA80zwFdTAKQyuQhbq1t*wJRB_wlhcB6X3va8zVpy8t8FY2yws.YhnoHUt_0VMCrDMDyzJprnsm513f0UE5opVfyoGBPLRir9qJEB6Vp1hYF2fs5PLfr8tuI8HNccUQIDHaL8OY3LZ1n*zQgcVNLqYjt2928HRBKMCDGYJDwm9d895wDHkBz*bIcshqNYjA_*0fJHpLTDvofYo9.DN91pYuiJWvXXH.e6MUW*vtdXp8ET6Mn8xQpdKmqcY2d3iU0UHNptsGJ9adZfyRQOjoxDVlgII3ZLRPkRW0s_kumJwbDmEhS2sAY1AB_Bpz9nVk8O5f4CH*QiYSwpPzNbqXxX_35XdLjk6rlfJekbZ4wAYlY77_v_i_1&mobile=13923030166
2026-07-02 20:59:20.980 | INFO     | __main__:send_sms:379 - {'code': 0, 'message': '短信验证码发送错误'}
2026-07-02 20:59:20.980 | INFO     | __main__:send_sms:379 - {'code': 0, 'message': '短信验证码发送错误'}
2026-07-02 20:59:20.980 | INFO     | __main__:send_sms:379 - {'code': 0, 'message': '短信验证码发送错误'}
2026-07-02 20:59:20.980 | INFO     | __main__:send_sms:379 - {'code': 0, 'message': '短信验证码发送错误'}
2026-07-02 20:59:22.453 | INFO     | __main__:verify_captcha:338 - {'data': {'result': True, 'zoneId': 'CN31', 'token': 'da7f00008208476f9cc6477681893116', 'validate': 'smU5uUd8C4R6FE5occftQk3OC9zFQ3qvmQJlX0BjwKesaqK6BJ0Z0NtdiTPzf1li5AnFVmqv4ueCJqYCig55fjXMs136VcByxFqjWekRoiOKoZwCTDwtsrb0yF6qWOG4eztjs2QvhVMG0FyPA2zMi9l8ZQ7IsF1dTZEcKKfWrGs='}, 'error': 0, 'msg': 'ok'}
2026-07-02 20:59:22.453 | INFO     | __main__:verify_captcha:338 - {'data': {'result': True, 'zoneId': 'CN31', 'token': 'da7f00008208476f9cc6477681893116', 'validate': 'smU5uUd8C4R6FE5occftQk3OC9zFQ3qvmQJlX0BjwKesaqK6BJ0Z0NtdiTPzf1li5AnFVmqv4ueCJqYCig55fjXMs136VcByxFqjWekRoiOKoZwCTDwtsrb0yF6qWOG4eztjs2QvhVMG0FyPA2zMi9l8ZQ7IsF1dTZEcKKfWrGs='}, 'error': 0, 'msg': 'ok'}
2026-07-02 20:59:22.453 | INFO     | __main__:verify_captcha:338 - {'data': {'result': True, 'zoneId': 'CN31', 'token': 'da7f00008208476f9cc6477681893116', 'validate': 'smU5uUd8C4R6FE5occftQk3OC9zFQ3qvmQJlX0BjwKesaqK6BJ0Z0NtdiTPzf1li5AnFVmqv4ueCJqYCig55fjXMs136VcByxFqjWekRoiOKoZwCTDwtsrb0yF6qWOG4eztjs2QvhVMG0FyPA2zMi9l8ZQ7IsF1dTZEcKKfWrGs='}, 'error': 0, 'msg': 'ok'}
2026-07-02 20:59:22.453 | INFO     | __main__:verify_captcha:338 - {'data': {'result': True, 'zoneId': 'CN31', 'token': 'da7f00008208476f9cc6477681893116', 'validate': 'smU5uUd8C4R6FE5occftQk3OC9zFQ3qvmQJlX0BjwKesaqK6BJ0Z0NtdiTPzf1li5AnFVmqv4ueCJqYCig55fjXMs136VcByxFqjWekRoiOKoZwCTDwtsrb0yF6qWOG4eztjs2QvhVMG0FyPA2zMi9l8ZQ7IsF1dTZEcKKfWrGs='}, 'error': 0, 'msg': 'ok'}
2026-07-02 20:59:22.453 | INFO     | __main__:verify_captcha:338 - {'data': {'result': True, 'zoneId': 'CN31', 'token': 'da7f00008208476f9cc6477681893116', 'validate': 'smU5uUd8C4R6FE5occftQk3OC9zFQ3qvmQJlX0BjwKesaqK6BJ0Z0NtdiTPzf1li5AnFVmqv4ueCJqYCig55fjXMs136VcByxFqjWekRoiOKoZwCTDwtsrb0yF6qWOG4eztjs2QvhVMG0FyPA2zMi9l8ZQ7IsF1dTZEcKKfWrGs='}, 'error': 0, 'msg': 'ok'}
2026-07-02 20:59:22.454 | SUCCESS  | __main__:verify_captcha:341 - 验证码验证成功
2026-07-02 20:59:22.454 | SUCCESS  | __main__:verify_captcha:341 - 验证码验证成功
2026-07-02 20:59:22.454 | SUCCESS  | __main__:verify_captcha:341 - 验证码验证成功
2026-07-02 20:59:22.454 | SUCCESS  | __main__:verify_captcha:341 - 验证码验证成功
2026-07-02 20:59:22.454 | SUCCESS  | __main__:verify_captcha:341 - 验证码验证成功
2026-07-02 20:59:22.457 | INFO     | __main__:send_sms:358 - validate=CN31_aVnkJvRKJuPNJnz25FWF*z9J2a*2U300CgktNDS2kR.DAG46FkUbWoeMA6VGVNPmB.sWQX*LgPPZ.vFCAmdulVWoDHfDpZM5O4_3DfwpTOwxnQj6ISN28kAl6.*XARlbRDfBeJt3_fPOVBe9F5bSovcFsB4AA0VM0c1Sbp2gCskTND.3*PnJYefwC91D_5tIu9eo1eHPrapb883c_QEB_CQeTgHXEmKQW64D1enunK1g8LAS5Xht59jp5Bz1VGwXd1*mFZg8raCYf0PRWwlW0sCu3K13h0eKCwLvghOr8LZVAHjOE9HzNd4yCWU2BCU8ux8Hej22azkXkdTqSItzB__ACxpCDU9tNwZoNCslMFY8s8ArR3v3gg3VBeEeOc01R01iKBTrVFsgnsqH0aq3YFEBiR1UiP5lricUyZCgn_LdyJWVrOL0hCBMkfwvQHBHt1FzQep*4WhVlIHAsi9OxYspnfn.cSgO2.rPsK6aS9liSmssiYT*P2XOUusFe.LERWEhgY77_v_i_1&mobile=13984282307
2026-07-02 20:59:22.457 | INFO     | __main__:send_sms:358 - validate=CN31_aVnkJvRKJuPNJnz25FWF*z9J2a*2U300CgktNDS2kR.DAG46FkUbWoeMA6VGVNPmB.sWQX*LgPPZ.vFCAmdulVWoDHfDpZM5O4_3DfwpTOwxnQj6ISN28kAl6.*XARlbRDfBeJt3_fPOVBe9F5bSovcFsB4AA0VM0c1Sbp2gCskTND.3*PnJYefwC91D_5tIu9eo1eHPrapb883c_QEB_CQeTgHXEmKQW64D1enunK1g8LAS5Xht59jp5Bz1VGwXd1*mFZg8raCYf0PRWwlW0sCu3K13h0eKCwLvghOr8LZVAHjOE9HzNd4yCWU2BCU8ux8Hej22azkXkdTqSItzB__ACxpCDU9tNwZoNCslMFY8s8ArR3v3gg3VBeEeOc01R01iKBTrVFsgnsqH0aq3YFEBiR1UiP5lricUyZCgn_LdyJWVrOL0hCBMkfwvQHBHt1FzQep*4WhVlIHAsi9OxYspnfn.cSgO2.rPsK6aS9liSmssiYT*P2XOUusFe.LERWEhgY77_v_i_1&mobile=13984282307
2026-07-02 20:59:22.457 | INFO     | __main__:send_sms:358 - validate=CN31_aVnkJvRKJuPNJnz25FWF*z9J2a*2U300CgktNDS2kR.DAG46FkUbWoeMA6VGVNPmB.sWQX*LgPPZ.vFCAmdulVWoDHfDpZM5O4_3DfwpTOwxnQj6ISN28kAl6.*XARlbRDfBeJt3_fPOVBe9F5bSovcFsB4AA0VM0c1Sbp2gCskTND.3*PnJYefwC91D_5tIu9eo1eHPrapb883c_QEB_CQeTgHXEmKQW64D1enunK1g8LAS5Xht59jp5Bz1VGwXd1*mFZg8raCYf0PRWwlW0sCu3K13h0eKCwLvghOr8LZVAHjOE9HzNd4yCWU2BCU8ux8Hej22azkXkdTqSItzB__ACxpCDU9tNwZoNCslMFY8s8ArR3v3gg3VBeEeOc01R01iKBTrVFsgnsqH0aq3YFEBiR1UiP5lricUyZCgn_LdyJWVrOL0hCBMkfwvQHBHt1FzQep*4WhVlIHAsi9OxYspnfn.cSgO2.rPsK6aS9liSmssiYT*P2XOUusFe.LERWEhgY77_v_i_1&mobile=13984282307
2026-07-02 20:59:22.457 | INFO     | __main__:send_sms:358 - validate=CN31_aVnkJvRKJuPNJnz25FWF*z9J2a*2U300CgktNDS2kR.DAG46FkUbWoeMA6VGVNPmB.sWQX*LgPPZ.vFCAmdulVWoDHfDpZM5O4_3DfwpTOwxnQj6ISN28kAl6.*XARlbRDfBeJt3_fPOVBe9F5bSovcFsB4AA0VM0c1Sbp2gCskTND.3*PnJYefwC91D_5tIu9eo1eHPrapb883c_QEB_CQeTgHXEmKQW64D1enunK1g8LAS5Xht59jp5Bz1VGwXd1*mFZg8raCYf0PRWwlW0sCu3K13h0eKCwLvghOr8LZVAHjOE9HzNd4yCWU2BCU8ux8Hej22azkXkdTqSItzB__ACxpCDU9tNwZoNCslMFY8s8ArR3v3gg3VBeEeOc01R01iKBTrVFsgnsqH0aq3YFEBiR1UiP5lricUyZCgn_LdyJWVrOL0hCBMkfwvQHBHt1FzQep*4WhVlIHAsi9OxYspnfn.cSgO2.rPsK6aS9liSmssiYT*P2XOUusFe.LERWEhgY77_v_i_1&mobile=13984282307
2026-07-02 20:59:22.457 | INFO     | __main__:send_sms:358 - validate=CN31_aVnkJvRKJuPNJnz25FWF*z9J2a*2U300CgktNDS2kR.DAG46FkUbWoeMA6VGVNPmB.sWQX*LgPPZ.vFCAmdulVWoDHfDpZM5O4_3DfwpTOwxnQj6ISN28kAl6.*XARlbRDfBeJt3_fPOVBe9F5bSovcFsB4AA0VM0c1Sbp2gCskTND.3*PnJYefwC91D_5tIu9eo1eHPrapb883c_QEB_CQeTgHXEmKQW64D1enunK1g8LAS5Xht59jp5Bz1VGwXd1*mFZg8raCYf0PRWwlW0sCu3K13h0eKCwLvghOr8LZVAHjOE9HzNd4yCWU2BCU8ux8Hej22azkXkdTqSItzB__ACxpCDU9tNwZoNCslMFY8s8ArR3v3gg3VBeEeOc01R01iKBTrVFsgnsqH0aq3YFEBiR1UiP5lricUyZCgn_LdyJWVrOL0hCBMkfwvQHBHt1FzQep*4WhVlIHAsi9OxYspnfn.cSgO2.rPsK6aS9liSmssiYT*P2XOUusFe.LERWEhgY77_v_i_1&mobile=13984282307
2026-07-02 20:59:22.548 | INFO     | __main__:send_sms:379 - {'code': 0, 'message': '短信验证码发送错误'}
2026-07-02 20:59:22.548 | INFO     | __main__:send_sms:379 - {'code': 0, 'message': '短信验证码发送错误'}
2026-07-02 20:59:22.548 | INFO     | __main__:send_sms:379 - {'code': 0, 'message': '短信验证码发送错误'}
2026-07-02 20:59:22.548 | INFO     | __main__:send_sms:379 - {'code': 0, 'message': '短信验证码发送错误'}
2026-07-02 20:59:22.548 | INFO     | __main__:send_sms:379 - {'code': 0, 'message': '短信验证码发送错误'}
2026-07-02 20:59:26.008 | INFO     | __main__:verify_captcha:338 - {'data': {'result': True, 'zoneId': 'CN31', 'token': '68f84c4e9aab42e0a75de5c7208ba3c2', 'validate': 'smU5uUd8C4R6FE5occftQk3OC9zFQ3qvmQJlX0BjwKesaqK6BJ0Z0NtdiTPzf1li5AnFVmqv4ueCJqYCig55fjXMs136VcByxFqjWekRoiNtE9TNM8nP5qPx6LWyXEjchVRM06HWjQkLFesmEUTzapWitSgpHa7F6Th8+3UOsr4='}, 'error': 0, 'msg': 'ok'}
2026-07-02 20:59:26.008 | INFO     | __main__:verify_captcha:338 - {'data': {'result': True, 'zoneId': 'CN31', 'token': '68f84c4e9aab42e0a75de5c7208ba3c2', 'validate': 'smU5uUd8C4R6FE5occftQk3OC9zFQ3qvmQJlX0BjwKesaqK6BJ0Z0NtdiTPzf1li5AnFVmqv4ueCJqYCig55fjXMs136VcByxFqjWekRoiNtE9TNM8nP5qPx6LWyXEjchVRM06HWjQkLFesmEUTzapWitSgpHa7F6Th8+3UOsr4='}, 'error': 0, 'msg': 'ok'}
2026-07-02 20:59:26.008 | INFO     | __main__:verify_captcha:338 - {'data': {'result': True, 'zoneId': 'CN31', 'token': '68f84c4e9aab42e0a75de5c7208ba3c2', 'validate': 'smU5uUd8C4R6FE5occftQk3OC9zFQ3qvmQJlX0BjwKesaqK6BJ0Z0NtdiTPzf1li5AnFVmqv4ueCJqYCig55fjXMs136VcByxFqjWekRoiNtE9TNM8nP5qPx6LWyXEjchVRM06HWjQkLFesmEUTzapWitSgpHa7F6Th8+3UOsr4='}, 'error': 0, 'msg': 'ok'}
2026-07-02 20:59:26.008 | INFO     | __main__:verify_captcha:338 - {'data': {'result': True, 'zoneId': 'CN31', 'token': '68f84c4e9aab42e0a75de5c7208ba3c2', 'validate': 'smU5uUd8C4R6FE5occftQk3OC9zFQ3qvmQJlX0BjwKesaqK6BJ0Z0NtdiTPzf1li5AnFVmqv4ueCJqYCig55fjXMs136VcByxFqjWekRoiNtE9TNM8nP5qPx6LWyXEjchVRM06HWjQkLFesmEUTzapWitSgpHa7F6Th8+3UOsr4='}, 'error': 0, 'msg': 'ok'}
2026-07-02 20:59:26.008 | INFO     | __main__:verify_captcha:338 - {'data': {'result': True, 'zoneId': 'CN31', 'token': '68f84c4e9aab42e0a75de5c7208ba3c2', 'validate': 'smU5uUd8C4R6FE5occftQk3OC9zFQ3qvmQJlX0BjwKesaqK6BJ0Z0NtdiTPzf1li5AnFVmqv4ueCJqYCig55fjXMs136VcByxFqjWekRoiNtE9TNM8nP5qPx6LWyXEjchVRM06HWjQkLFesmEUTzapWitSgpHa7F6Th8+3UOsr4='}, 'error': 0, 'msg': 'ok'}
2026-07-02 20:59:26.008 | INFO     | __main__:verify_captcha:338 - {'data': {'result': True, 'zoneId': 'CN31', 'token': '68f84c4e9aab42e0a75de5c7208ba3c2', 'validate': 'smU5uUd8C4R6FE5occftQk3OC9zFQ3qvmQJlX0BjwKesaqK6BJ0Z0NtdiTPzf1li5AnFVmqv4ueCJqYCig55fjXMs136VcByxFqjWekRoiNtE9TNM8nP5qPx6LWyXEjchVRM06HWjQkLFesmEUTzapWitSgpHa7F6Th8+3UOsr4='}, 'error': 0, 'msg': 'ok'}
2026-07-02 20:59:26.009 | SUCCESS  | __main__:verify_captcha:341 - 验证码验证成功
2026-07-02 20:59:26.009 | SUCCESS  | __main__:verify_captcha:341 - 验证码验证成功
2026-07-02 20:59:26.009 | SUCCESS  | __main__:verify_captcha:341 - 验证码验证成功
2026-07-02 20:59:26.009 | SUCCESS  | __main__:verify_captcha:341 - 验证码验证成功
2026-07-02 20:59:26.009 | SUCCESS  | __main__:verify_captcha:341 - 验证码验证成功
2026-07-02 20:59:26.009 | SUCCESS  | __main__:verify_captcha:341 - 验证码验证成功
2026-07-02 20:59:26.010 | INFO     | __main__:send_sms:358 - validate=CN31_3dExwT5ZHQlyRQXiZXxLpE*bGaO5J5hpn4kf6Q*9Kc02tAAeD9hMR8YTiHXZQekmezzocR5_OvPMJDNt.8vakj84uExt8BA.wmHDWR495Nvf5Ihb85uQ6YoxH.P13HHFtnHNDvbaHxP8d1t8kuOYk6YgxydLFMrOTsmw..wPK9sJTt8otLNptn4XbRt4I4mEDuQ33V3o0PXHV5WS4m6DzmRjGy26dYGjY8Pal39AE4DjnqQmEqsy_tM0H*ibLpJc_MN8_balRyY419m1LmfTzniBsTRdHVilJ08HYz3UsojMtKwlwnB1LHntEQfZ8.Yo4d3qgf.HlwqSWEfO33n1Z4*BUJvGZbY4BK.xEcEcDbk6jQTv3yGPgEgRohgDE2wxj5i.aTrYcHbx6bBGb*Mz35NpWT*9OYWrO*0peKvnkiLxMz9nNpY_PrZYRwhZbK5_t8HCRSVbio0Y4TE0ZveCvkcAOktfcuuBOQI0btBiTw48cDWiIkPldtgTNxrCHmukUEfkEM77_v_i_1&mobile=13984202472
2026-07-02 20:59:26.010 | INFO     | __main__:send_sms:358 - validate=CN31_3dExwT5ZHQlyRQXiZXxLpE*bGaO5J5hpn4kf6Q*9Kc02tAAeD9hMR8YTiHXZQekmezzocR5_OvPMJDNt.8vakj84uExt8BA.wmHDWR495Nvf5Ihb85uQ6YoxH.P13HHFtnHNDvbaHxP8d1t8kuOYk6YgxydLFMrOTsmw..wPK9sJTt8otLNptn4XbRt4I4mEDuQ33V3o0PXHV5WS4m6DzmRjGy26dYGjY8Pal39AE4DjnqQmEqsy_tM0H*ibLpJc_MN8_balRyY419m1LmfTzniBsTRdHVilJ08HYz3UsojMtKwlwnB1LHntEQfZ8.Yo4d3qgf.HlwqSWEfO33n1Z4*BUJvGZbY4BK.xEcEcDbk6jQTv3yGPgEgRohgDE2wxj5i.aTrYcHbx6bBGb*Mz35NpWT*9OYWrO*0peKvnkiLxMz9nNpY_PrZYRwhZbK5_t8HCRSVbio0Y4TE0ZveCvkcAOktfcuuBOQI0btBiTw48cDWiIkPldtgTNxrCHmukUEfkEM77_v_i_1&mobile=13984202472
2026-07-02 20:59:26.010 | INFO     | __main__:send_sms:358 - validate=CN31_3dExwT5ZHQlyRQXiZXxLpE*bGaO5J5hpn4kf6Q*9Kc02tAAeD9hMR8YTiHXZQekmezzocR5_OvPMJDNt.8vakj84uExt8BA.wmHDWR495Nvf5Ihb85uQ6YoxH.P13HHFtnHNDvbaHxP8d1t8kuOYk6YgxydLFMrOTsmw..wPK9sJTt8otLNptn4XbRt4I4mEDuQ33V3o0PXHV5WS4m6DzmRjGy26dYGjY8Pal39AE4DjnqQmEqsy_tM0H*ibLpJc_MN8_balRyY419m1LmfTzniBsTRdHVilJ08HYz3UsojMtKwlwnB1LHntEQfZ8.Yo4d3qgf.HlwqSWEfO33n1Z4*BUJvGZbY4BK.xEcEcDbk6jQTv3yGPgEgRohgDE2wxj5i.aTrYcHbx6bBGb*Mz35NpWT*9OYWrO*0peKvnkiLxMz9nNpY_PrZYRwhZbK5_t8HCRSVbio0Y4TE0ZveCvkcAOktfcuuBOQI0btBiTw48cDWiIkPldtgTNxrCHmukUEfkEM77_v_i_1&mobile=13984202472
2026-07-02 20:59:26.010 | INFO     | __main__:send_sms:358 - validate=CN31_3dExwT5ZHQlyRQXiZXxLpE*bGaO5J5hpn4kf6Q*9Kc02tAAeD9hMR8YTiHXZQekmezzocR5_OvPMJDNt.8vakj84uExt8BA.wmHDWR495Nvf5Ihb85uQ6YoxH.P13HHFtnHNDvbaHxP8d1t8kuOYk6YgxydLFMrOTsmw..wPK9sJTt8otLNptn4XbRt4I4mEDuQ33V3o0PXHV5WS4m6DzmRjGy26dYGjY8Pal39AE4DjnqQmEqsy_tM0H*ibLpJc_MN8_balRyY419m1LmfTzniBsTRdHVilJ08HYz3UsojMtKwlwnB1LHntEQfZ8.Yo4d3qgf.HlwqSWEfO33n1Z4*BUJvGZbY4BK.xEcEcDbk6jQTv3yGPgEgRohgDE2wxj5i.aTrYcHbx6bBGb*Mz35NpWT*9OYWrO*0peKvnkiLxMz9nNpY_PrZYRwhZbK5_t8HCRSVbio0Y4TE0ZveCvkcAOktfcuuBOQI0btBiTw48cDWiIkPldtgTNxrCHmukUEfkEM77_v_i_1&mobile=13984202472
2026-07-02 20:59:26.010 | INFO     | __main__:send_sms:358 - validate=CN31_3dExwT5ZHQlyRQXiZXxLpE*bGaO5J5hpn4kf6Q*9Kc02tAAeD9hMR8YTiHXZQekmezzocR5_OvPMJDNt.8vakj84uExt8BA.wmHDWR495Nvf5Ihb85uQ6YoxH.P13HHFtnHNDvbaHxP8d1t8kuOYk6YgxydLFMrOTsmw..wPK9sJTt8otLNptn4XbRt4I4mEDuQ33V3o0PXHV5WS4m6DzmRjGy26dYGjY8Pal39AE4DjnqQmEqsy_tM0H*ibLpJc_MN8_balRyY419m1LmfTzniBsTRdHVilJ08HYz3UsojMtKwlwnB1LHntEQfZ8.Yo4d3qgf.HlwqSWEfO33n1Z4*BUJvGZbY4BK.xEcEcDbk6jQTv3yGPgEgRohgDE2wxj5i.aTrYcHbx6bBGb*Mz35NpWT*9OYWrO*0peKvnkiLxMz9nNpY_PrZYRwhZbK5_t8HCRSVbio0Y4TE0ZveCvkcAOktfcuuBOQI0btBiTw48cDWiIkPldtgTNxrCHmukUEfkEM77_v_i_1&mobile=13984202472
2026-07-02 20:59:26.010 | INFO     | __main__:send_sms:358 - validate=CN31_3dExwT5ZHQlyRQXiZXxLpE*bGaO5J5hpn4kf6Q*9Kc02tAAeD9hMR8YTiHXZQekmezzocR5_OvPMJDNt.8vakj84uExt8BA.wmHDWR495Nvf5Ihb85uQ6YoxH.P13HHFtnHNDvbaHxP8d1t8kuOYk6YgxydLFMrOTsmw..wPK9sJTt8otLNptn4XbRt4I4mEDuQ33V3o0PXHV5WS4m6DzmRjGy26dYGjY8Pal39AE4DjnqQmEqsy_tM0H*ibLpJc_MN8_balRyY419m1LmfTzniBsTRdHVilJ08HYz3UsojMtKwlwnB1LHntEQfZ8.Yo4d3qgf.HlwqSWEfO33n1Z4*BUJvGZbY4BK.xEcEcDbk6jQTv3yGPgEgRohgDE2wxj5i.aTrYcHbx6bBGb*Mz35NpWT*9OYWrO*0peKvnkiLxMz9nNpY_PrZYRwhZbK5_t8HCRSVbio0Y4TE0ZveCvkcAOktfcuuBOQI0btBiTw48cDWiIkPldtgTNxrCHmukUEfkEM77_v_i_1&mobile=13984202472
2026-07-02 20:59:26.108 | INFO     | __main__:send_sms:379 - {'code': 0, 'message': '短信验证码发送错误'}
2026-07-02 20:59:26.108 | INFO     | __main__:send_sms:379 - {'code': 0, 'message': '短信验证码发送错误'}
2026-07-02 20:59:26.108 | INFO     | __main__:send_sms:379 - {'code': 0, 'message': '短信验证码发送错误'}
2026-07-02 20:59:26.108 | INFO     | __main__:send_sms:379 - {'code': 0, 'message': '短信验证码发送错误'}
2026-07-02 20:59:26.108 | INFO     | __main__:send_sms:379 - {'code': 0, 'message': '短信验证码发送错误'}
2026-07-02 20:59:26.108 | INFO     | __main__:send_sms:379 - {'code': 0, 'message': '短信验证码发送错误'}
2026-07-02 20:59:29.558 | INFO     | __main__:verify_captcha:338 - {'data': {'result': True, 'zoneId': 'CN31', 'token': '2dceb3b207c740b288d6a7c577fc9cc7', 'validate': 'smU5uUd8C4R6FE5occftQk3OC9zFQ3qvmQJlX0BjwKesaqK6BJ0Z0NtdiTPzf1li5AnFVmqv4ueCJqYCig55fjXMs136VcByxFqjWekRoiOyh0Lcvntjv9h9Jv8jOK4j7Nx30iiHGvFMJ+IW8q91pLsHfDOlou8OKQJ+r8JQNfA='}, 'error': 0, 'msg': 'ok'}
2026-07-02 20:59:29.558 | INFO     | __main__:verify_captcha:338 - {'data': {'result': True, 'zoneId': 'CN31', 'token': '2dceb3b207c740b288d6a7c577fc9cc7', 'validate': 'smU5uUd8C4R6FE5occftQk3OC9zFQ3qvmQJlX0BjwKesaqK6BJ0Z0NtdiTPzf1li5AnFVmqv4ueCJqYCig55fjXMs136VcByxFqjWekRoiOyh0Lcvntjv9h9Jv8jOK4j7Nx30iiHGvFMJ+IW8q91pLsHfDOlou8OKQJ+r8JQNfA='}, 'error': 0, 'msg': 'ok'}
2026-07-02 20:59:29.558 | INFO     | __main__:verify_captcha:338 - {'data': {'result': True, 'zoneId': 'CN31', 'token': '2dceb3b207c740b288d6a7c577fc9cc7', 'validate': 'smU5uUd8C4R6FE5occftQk3OC9zFQ3qvmQJlX0BjwKesaqK6BJ0Z0NtdiTPzf1li5AnFVmqv4ueCJqYCig55fjXMs136VcByxFqjWekRoiOyh0Lcvntjv9h9Jv8jOK4j7Nx30iiHGvFMJ+IW8q91pLsHfDOlou8OKQJ+r8JQNfA='}, 'error': 0, 'msg': 'ok'}
2026-07-02 20:59:29.558 | INFO     | __main__:verify_captcha:338 - {'data': {'result': True, 'zoneId': 'CN31', 'token': '2dceb3b207c740b288d6a7c577fc9cc7', 'validate': 'smU5uUd8C4R6FE5occftQk3OC9zFQ3qvmQJlX0BjwKesaqK6BJ0Z0NtdiTPzf1li5AnFVmqv4ueCJqYCig55fjXMs136VcByxFqjWekRoiOyh0Lcvntjv9h9Jv8jOK4j7Nx30iiHGvFMJ+IW8q91pLsHfDOlou8OKQJ+r8JQNfA='}, 'error': 0, 'msg': 'ok'}
2026-07-02 20:59:29.558 | INFO     | __main__:verify_captcha:338 - {'data': {'result': True, 'zoneId': 'CN31', 'token': '2dceb3b207c740b288d6a7c577fc9cc7', 'validate': 'smU5uUd8C4R6FE5occftQk3OC9zFQ3qvmQJlX0BjwKesaqK6BJ0Z0NtdiTPzf1li5AnFVmqv4ueCJqYCig55fjXMs136VcByxFqjWekRoiOyh0Lcvntjv9h9Jv8jOK4j7Nx30iiHGvFMJ+IW8q91pLsHfDOlou8OKQJ+r8JQNfA='}, 'error': 0, 'msg': 'ok'}
2026-07-02 20:59:29.558 | INFO     | __main__:verify_captcha:338 - {'data': {'result': True, 'zoneId': 'CN31', 'token': '2dceb3b207c740b288d6a7c577fc9cc7', 'validate': 'smU5uUd8C4R6FE5occftQk3OC9zFQ3qvmQJlX0BjwKesaqK6BJ0Z0NtdiTPzf1li5AnFVmqv4ueCJqYCig55fjXMs136VcByxFqjWekRoiOyh0Lcvntjv9h9Jv8jOK4j7Nx30iiHGvFMJ+IW8q91pLsHfDOlou8OKQJ+r8JQNfA='}, 'error': 0, 'msg': 'ok'}
2026-07-02 20:59:29.558 | INFO     | __main__:verify_captcha:338 - {'data': {'result': True, 'zoneId': 'CN31', 'token': '2dceb3b207c740b288d6a7c577fc9cc7', 'validate': 'smU5uUd8C4R6FE5occftQk3OC9zFQ3qvmQJlX0BjwKesaqK6BJ0Z0NtdiTPzf1li5AnFVmqv4ueCJqYCig55fjXMs136VcByxFqjWekRoiOyh0Lcvntjv9h9Jv8jOK4j7Nx30iiHGvFMJ+IW8q91pLsHfDOlou8OKQJ+r8JQNfA='}, 'error': 0, 'msg': 'ok'}
2026-07-02 20:59:29.559 | SUCCESS  | __main__:verify_captcha:341 - 验证码验证成功
2026-07-02 20:59:29.559 | SUCCESS  | __main__:verify_captcha:341 - 验证码验证成功
2026-07-02 20:59:29.559 | SUCCESS  | __main__:verify_captcha:341 - 验证码验证成功
2026-07-02 20:59:29.559 | SUCCESS  | __main__:verify_captcha:341 - 验证码验证成功
2026-07-02 20:59:29.559 | SUCCESS  | __main__:verify_captcha:341 - 验证码验证成功
2026-07-02 20:59:29.559 | SUCCESS  | __main__:verify_captcha:341 - 验证码验证成功
2026-07-02 20:59:29.559 | SUCCESS  | __main__:verify_captcha:341 - 验证码验证成功
2026-07-02 20:59:29.562 | INFO     | __main__:send_sms:358 - validate=CN31_CzRHOrlxtAcwPLG9zYZqhhxqFhiiSTam1YcG_sOu*IGfveKCYuI1w8Giitf5XrwjYg..s6Hs6lpDdGgraRTnXpouaHm*eu6HRuiTJL.2bYUYGR4csbIR*XX4qk*V5Jv*j4t0tvdEKjYSqDhGyt1KPHzvkvN5M5JvUC5NohAaVsdSvpau3cvduYIFxOCpfOWVVCcnuLy4qReAbmzNSFYW5x_QccrVEKeR3yzdW4r5yfftVzswfulUX3w4dhfVq1JCt8SaaSCEda5qoGkbvDZBnd2RlH2IR8YAY1cnVMSAlGLvr69L6lbN1g0GF3Vi3efwpFowWzdTZuXm*qbupn0Nd5iHAuE0vBCimnlQb6Yz1nbmO2bSGKnjZbUMBtgsqC3NQa2P2SbxQX6FwaRWV6y0ms3GV0DsfCSAypt1uv5sXJ24UPIhMr3tnah98XzV_sIN_JPjyjO83mFanUL00l*6Yd_nWihNedpSnrQSLSQwpkTgS5LN5tepQP6dpQH8fAkuPGtO3X77_v_i_1&mobile=13994131331
2026-07-02 20:59:29.562 | INFO     | __main__:send_sms:358 - validate=CN31_CzRHOrlxtAcwPLG9zYZqhhxqFhiiSTam1YcG_sOu*IGfveKCYuI1w8Giitf5XrwjYg..s6Hs6lpDdGgraRTnXpouaHm*eu6HRuiTJL.2bYUYGR4csbIR*XX4qk*V5Jv*j4t0tvdEKjYSqDhGyt1KPHzvkvN5M5JvUC5NohAaVsdSvpau3cvduYIFxOCpfOWVVCcnuLy4qReAbmzNSFYW5x_QccrVEKeR3yzdW4r5yfftVzswfulUX3w4dhfVq1JCt8SaaSCEda5qoGkbvDZBnd2RlH2IR8YAY1cnVMSAlGLvr69L6lbN1g0GF3Vi3efwpFowWzdTZuXm*qbupn0Nd5iHAuE0vBCimnlQb6Yz1nbmO2bSGKnjZbUMBtgsqC3NQa2P2SbxQX6FwaRWV6y0ms3GV0DsfCSAypt1uv5sXJ24UPIhMr3tnah98XzV_sIN_JPjyjO83mFanUL00l*6Yd_nWihNedpSnrQSLSQwpkTgS5LN5tepQP6dpQH8fAkuPGtO3X77_v_i_1&mobile=13994131331
2026-07-02 20:59:29.562 | INFO     | __main__:send_sms:358 - validate=CN31_CzRHOrlxtAcwPLG9zYZqhhxqFhiiSTam1YcG_sOu*IGfveKCYuI1w8Giitf5XrwjYg..s6Hs6lpDdGgraRTnXpouaHm*eu6HRuiTJL.2bYUYGR4csbIR*XX4qk*V5Jv*j4t0tvdEKjYSqDhGyt1KPHzvkvN5M5JvUC5NohAaVsdSvpau3cvduYIFxOCpfOWVVCcnuLy4qReAbmzNSFYW5x_QccrVEKeR3yzdW4r5yfftVzswfulUX3w4dhfVq1JCt8SaaSCEda5qoGkbvDZBnd2RlH2IR8YAY1cnVMSAlGLvr69L6lbN1g0GF3Vi3efwpFowWzdTZuXm*qbupn0Nd5iHAuE0vBCimnlQb6Yz1nbmO2bSGKnjZbUMBtgsqC3NQa2P2SbxQX6FwaRWV6y0ms3GV0DsfCSAypt1uv5sXJ24UPIhMr3tnah98XzV_sIN_JPjyjO83mFanUL00l*6Yd_nWihNedpSnrQSLSQwpkTgS5LN5tepQP6dpQH8fAkuPGtO3X77_v_i_1&mobile=13994131331
2026-07-02 20:59:29.562 | INFO     | __main__:send_sms:358 - validate=CN31_CzRHOrlxtAcwPLG9zYZqhhxqFhiiSTam1YcG_sOu*IGfveKCYuI1w8Giitf5XrwjYg..s6Hs6lpDdGgraRTnXpouaHm*eu6HRuiTJL.2bYUYGR4csbIR*XX4qk*V5Jv*j4t0tvdEKjYSqDhGyt1KPHzvkvN5M5JvUC5NohAaVsdSvpau3cvduYIFxOCpfOWVVCcnuLy4qReAbmzNSFYW5x_QccrVEKeR3yzdW4r5yfftVzswfulUX3w4dhfVq1JCt8SaaSCEda5qoGkbvDZBnd2RlH2IR8YAY1cnVMSAlGLvr69L6lbN1g0GF3Vi3efwpFowWzdTZuXm*qbupn0Nd5iHAuE0vBCimnlQb6Yz1nbmO2bSGKnjZbUMBtgsqC3NQa2P2SbxQX6FwaRWV6y0ms3GV0DsfCSAypt1uv5sXJ24UPIhMr3tnah98XzV_sIN_JPjyjO83mFanUL00l*6Yd_nWihNedpSnrQSLSQwpkTgS5LN5tepQP6dpQH8fAkuPGtO3X77_v_i_1&mobile=13994131331
2026-07-02 20:59:29.562 | INFO     | __main__:send_sms:358 - validate=CN31_CzRHOrlxtAcwPLG9zYZqhhxqFhiiSTam1YcG_sOu*IGfveKCYuI1w8Giitf5XrwjYg..s6Hs6lpDdGgraRTnXpouaHm*eu6HRuiTJL.2bYUYGR4csbIR*XX4qk*V5Jv*j4t0tvdEKjYSqDhGyt1KPHzvkvN5M5JvUC5NohAaVsdSvpau3cvduYIFxOCpfOWVVCcnuLy4qReAbmzNSFYW5x_QccrVEKeR3yzdW4r5yfftVzswfulUX3w4dhfVq1JCt8SaaSCEda5qoGkbvDZBnd2RlH2IR8YAY1cnVMSAlGLvr69L6lbN1g0GF3Vi3efwpFowWzdTZuXm*qbupn0Nd5iHAuE0vBCimnlQb6Yz1nbmO2bSGKnjZbUMBtgsqC3NQa2P2SbxQX6FwaRWV6y0ms3GV0DsfCSAypt1uv5sXJ24UPIhMr3tnah98XzV_sIN_JPjyjO83mFanUL00l*6Yd_nWihNedpSnrQSLSQwpkTgS5LN5tepQP6dpQH8fAkuPGtO3X77_v_i_1&mobile=13994131331
2026-07-02 20:59:29.562 | INFO     | __main__:send_sms:358 - validate=CN31_CzRHOrlxtAcwPLG9zYZqhhxqFhiiSTam1YcG_sOu*IGfveKCYuI1w8Giitf5XrwjYg..s6Hs6lpDdGgraRTnXpouaHm*eu6HRuiTJL.2bYUYGR4csbIR*XX4qk*V5Jv*j4t0tvdEKjYSqDhGyt1KPHzvkvN5M5JvUC5NohAaVsdSvpau3cvduYIFxOCpfOWVVCcnuLy4qReAbmzNSFYW5x_QccrVEKeR3yzdW4r5yfftVzswfulUX3w4dhfVq1JCt8SaaSCEda5qoGkbvDZBnd2RlH2IR8YAY1cnVMSAlGLvr69L6lbN1g0GF3Vi3efwpFowWzdTZuXm*qbupn0Nd5iHAuE0vBCimnlQb6Yz1nbmO2bSGKnjZbUMBtgsqC3NQa2P2SbxQX6FwaRWV6y0ms3GV0DsfCSAypt1uv5sXJ24UPIhMr3tnah98XzV_sIN_JPjyjO83mFanUL00l*6Yd_nWihNedpSnrQSLSQwpkTgS5LN5tepQP6dpQH8fAkuPGtO3X77_v_i_1&mobile=13994131331
2026-07-02 20:59:29.562 | INFO     | __main__:send_sms:358 - validate=CN31_CzRHOrlxtAcwPLG9zYZqhhxqFhiiSTam1YcG_sOu*IGfveKCYuI1w8Giitf5XrwjYg..s6Hs6lpDdGgraRTnXpouaHm*eu6HRuiTJL.2bYUYGR4csbIR*XX4qk*V5Jv*j4t0tvdEKjYSqDhGyt1KPHzvkvN5M5JvUC5NohAaVsdSvpau3cvduYIFxOCpfOWVVCcnuLy4qReAbmzNSFYW5x_QccrVEKeR3yzdW4r5yfftVzswfulUX3w4dhfVq1JCt8SaaSCEda5qoGkbvDZBnd2RlH2IR8YAY1cnVMSAlGLvr69L6lbN1g0GF3Vi3efwpFowWzdTZuXm*qbupn0Nd5iHAuE0vBCimnlQb6Yz1nbmO2bSGKnjZbUMBtgsqC3NQa2P2SbxQX6FwaRWV6y0ms3GV0DsfCSAypt1uv5sXJ24UPIhMr3tnah98XzV_sIN_JPjyjO83mFanUL00l*6Yd_nWihNedpSnrQSLSQwpkTgS5LN5tepQP6dpQH8fAkuPGtO3X77_v_i_1&mobile=13994131331
2026-07-02 20:59:29.654 | INFO     | __main__:send_sms:379 - {'code': 0, 'message': '短信验证码发送错误'}
2026-07-02 20:59:29.654 | INFO     | __main__:send_sms:379 - {'code': 0, 'message': '短信验证码发送错误'}
2026-07-02 20:59:29.654 | INFO     | __main__:send_sms:379 - {'code': 0, 'message': '短信验证码发送错误'}
2026-07-02 20:59:29.654 | INFO     | __main__:send_sms:379 - {'code': 0, 'message': '短信验证码发送错误'}
2026-07-02 20:59:29.654 | INFO     | __main__:send_sms:379 - {'code': 0, 'message': '短信验证码发送错误'}
2026-07-02 20:59:29.654 | INFO     | __main__:send_sms:379 - {'code': 0, 'message': '短信验证码发送错误'}
2026-07-02 20:59:29.654 | INFO     | __main__:send_sms:379 - {'code': 0, 'message': '短信验证码发送错误'}
2026-07-02 20:59:32.126 | INFO     | __main__:verify_captcha:338 - {'data': {'result': True, 'zoneId': 'CN31', 'token': '83f4a6acf4aa464bb825d7ef57e40df7', 'validate': 'smU5uUd8C4R6FE5occftQk3OC9zFQ3qvmQJlX0BjwKesaqK6BJ0Z0NtdiTPzf1li5AnFVmqv4ueCJqYCig55fjXMs136VcByxFqjWekRoiOxKGGesN9uPXXnJUnKMcvO7JDexEaaB37J8NTUPorzdOIvUETgnN8Y52wgQk3ko6U='}, 'error': 0, 'msg': 'ok'}
2026-07-02 20:59:32.126 | INFO     | __main__:verify_captcha:338 - {'data': {'result': True, 'zoneId': 'CN31', 'token': '83f4a6acf4aa464bb825d7ef57e40df7', 'validate': 'smU5uUd8C4R6FE5occftQk3OC9zFQ3qvmQJlX0BjwKesaqK6BJ0Z0NtdiTPzf1li5AnFVmqv4ueCJqYCig55fjXMs136VcByxFqjWekRoiOxKGGesN9uPXXnJUnKMcvO7JDexEaaB37J8NTUPorzdOIvUETgnN8Y52wgQk3ko6U='}, 'error': 0, 'msg': 'ok'}
2026-07-02 20:59:32.126 | INFO     | __main__:verify_captcha:338 - {'data': {'result': True, 'zoneId': 'CN31', 'token': '83f4a6acf4aa464bb825d7ef57e40df7', 'validate': 'smU5uUd8C4R6FE5occftQk3OC9zFQ3qvmQJlX0BjwKesaqK6BJ0Z0NtdiTPzf1li5AnFVmqv4ueCJqYCig55fjXMs136VcByxFqjWekRoiOxKGGesN9uPXXnJUnKMcvO7JDexEaaB37J8NTUPorzdOIvUETgnN8Y52wgQk3ko6U='}, 'error': 0, 'msg': 'ok'}
2026-07-02 20:59:32.126 | INFO     | __main__:verify_captcha:338 - {'data': {'result': True, 'zoneId': 'CN31', 'token': '83f4a6acf4aa464bb825d7ef57e40df7', 'validate': 'smU5uUd8C4R6FE5occftQk3OC9zFQ3qvmQJlX0BjwKesaqK6BJ0Z0NtdiTPzf1li5AnFVmqv4ueCJqYCig55fjXMs136VcByxFqjWekRoiOxKGGesN9uPXXnJUnKMcvO7JDexEaaB37J8NTUPorzdOIvUETgnN8Y52wgQk3ko6U='}, 'error': 0, 'msg': 'ok'}
2026-07-02 20:59:32.126 | INFO     | __main__:verify_captcha:338 - {'data': {'result': True, 'zoneId': 'CN31', 'token': '83f4a6acf4aa464bb825d7ef57e40df7', 'validate': 'smU5uUd8C4R6FE5occftQk3OC9zFQ3qvmQJlX0BjwKesaqK6BJ0Z0NtdiTPzf1li5AnFVmqv4ueCJqYCig55fjXMs136VcByxFqjWekRoiOxKGGesN9uPXXnJUnKMcvO7JDexEaaB37J8NTUPorzdOIvUETgnN8Y52wgQk3ko6U='}, 'error': 0, 'msg': 'ok'}
2026-07-02 20:59:32.126 | INFO     | __main__:verify_captcha:338 - {'data': {'result': True, 'zoneId': 'CN31', 'token': '83f4a6acf4aa464bb825d7ef57e40df7', 'validate': 'smU5uUd8C4R6FE5occftQk3OC9zFQ3qvmQJlX0BjwKesaqK6BJ0Z0NtdiTPzf1li5AnFVmqv4ueCJqYCig55fjXMs136VcByxFqjWekRoiOxKGGesN9uPXXnJUnKMcvO7JDexEaaB37J8NTUPorzdOIvUETgnN8Y52wgQk3ko6U='}, 'error': 0, 'msg': 'ok'}
2026-07-02 20:59:32.126 | INFO     | __main__:verify_captcha:338 - {'data': {'result': True, 'zoneId': 'CN31', 'token': '83f4a6acf4aa464bb825d7ef57e40df7', 'validate': 'smU5uUd8C4R6FE5occftQk3OC9zFQ3qvmQJlX0BjwKesaqK6BJ0Z0NtdiTPzf1li5AnFVmqv4ueCJqYCig55fjXMs136VcByxFqjWekRoiOxKGGesN9uPXXnJUnKMcvO7JDexEaaB37J8NTUPorzdOIvUETgnN8Y52wgQk3ko6U='}, 'error': 0, 'msg': 'ok'}
2026-07-02 20:59:32.126 | INFO     | __main__:verify_captcha:338 - {'data': {'result': True, 'zoneId': 'CN31', 'token': '83f4a6acf4aa464bb825d7ef57e40df7', 'validate': 'smU5uUd8C4R6FE5occftQk3OC9zFQ3qvmQJlX0BjwKesaqK6BJ0Z0NtdiTPzf1li5AnFVmqv4ueCJqYCig55fjXMs136VcByxFqjWekRoiOxKGGesN9uPXXnJUnKMcvO7JDexEaaB37J8NTUPorzdOIvUETgnN8Y52wgQk3ko6U='}, 'error': 0, 'msg': 'ok'}
2026-07-02 20:59:32.128 | SUCCESS  | __main__:verify_captcha:341 - 验证码验证成功
2026-07-02 20:59:32.128 | SUCCESS  | __main__:verify_captcha:341 - 验证码验证成功
2026-07-02 20:59:32.128 | SUCCESS  | __main__:verify_captcha:341 - 验证码验证成功
2026-07-02 20:59:32.128 | SUCCESS  | __main__:verify_captcha:341 - 验证码验证成功
2026-07-02 20:59:32.128 | SUCCESS  | __main__:verify_captcha:341 - 验证码验证成功
2026-07-02 20:59:32.128 | SUCCESS  | __main__:verify_captcha:341 - 验证码验证成功
2026-07-02 20:59:32.128 | SUCCESS  | __main__:verify_captcha:341 - 验证码验证成功
2026-07-02 20:59:32.128 | SUCCESS  | __main__:verify_captcha:341 - 验证码验证成功
2026-07-02 20:59:32.131 | INFO     | __main__:send_sms:358 - validate=CN31_4a50E.wcrIJiJQbWOjaNa9WGzZg_qlz_pR1rojmo4ISj2Zzhu4g.MyWU4LsHmMP3VWcpFgtebV0aqYPqMSdWtKG2P_X4wzutWIbqKf9lU9E6Q2jnImH.gLaanTniQEzvE00pa_NZyS4uMOAgbAxj5MRYuKAWZVyPP1U0IaMk3wq5Mgz5TCWhN*D5ryQWDO6xvXegv_UF3qx.8QHvvtaS2o8TBRc4y61hJO.UrV1hDdlUr3HEI2rongqpfS_YlSGSXy1GV6v3Ey5QU5eV_sQu5p8J0seN5z5eUL_E1yy.xP5Y0vOdzYp6QS6b6o3yF*K03Q_mLOqdlJJlr8T11j4UvgXy5Pp3Gr5lyp4b_nJx*ENkOfUvUNJAzEsJRLZclx4_XrqmNm5.IGte5Wg1bvQUV9VwSUySJrxlYmxjw3Mmp3N*G6mpOk1FJkAJoTTV42kx*OgRNf4h5o_E5f*BgQGNK8e4YcjdBcxAfBZlN.HIFSFlndTp0KKknvnicqqt.Z_4uwnauX77_v_i_1&mobile=1399844055
2026-07-02 20:59:32.131 | INFO     | __main__:send_sms:358 - validate=CN31_4a50E.wcrIJiJQbWOjaNa9WGzZg_qlz_pR1rojmo4ISj2Zzhu4g.MyWU4LsHmMP3VWcpFgtebV0aqYPqMSdWtKG2P_X4wzutWIbqKf9lU9E6Q2jnImH.gLaanTniQEzvE00pa_NZyS4uMOAgbAxj5MRYuKAWZVyPP1U0IaMk3wq5Mgz5TCWhN*D5ryQWDO6xvXegv_UF3qx.8QHvvtaS2o8TBRc4y61hJO.UrV1hDdlUr3HEI2rongqpfS_YlSGSXy1GV6v3Ey5QU5eV_sQu5p8J0seN5z5eUL_E1yy.xP5Y0vOdzYp6QS6b6o3yF*K03Q_mLOqdlJJlr8T11j4UvgXy5Pp3Gr5lyp4b_nJx*ENkOfUvUNJAzEsJRLZclx4_XrqmNm5.IGte5Wg1bvQUV9VwSUySJrxlYmxjw3Mmp3N*G6mpOk1FJkAJoTTV42kx*OgRNf4h5o_E5f*BgQGNK8e4YcjdBcxAfBZlN.HIFSFlndTp0KKknvnicqqt.Z_4uwnauX77_v_i_1&mobile=1399844055
2026-07-02 20:59:32.131 | INFO     | __main__:send_sms:358 - validate=CN31_4a50E.wcrIJiJQbWOjaNa9WGzZg_qlz_pR1rojmo4ISj2Zzhu4g.MyWU4LsHmMP3VWcpFgtebV0aqYPqMSdWtKG2P_X4wzutWIbqKf9lU9E6Q2jnImH.gLaanTniQEzvE00pa_NZyS4uMOAgbAxj5MRYuKAWZVyPP1U0IaMk3wq5Mgz5TCWhN*D5ryQWDO6xvXegv_UF3qx.8QHvvtaS2o8TBRc4y61hJO.UrV1hDdlUr3HEI2rongqpfS_YlSGSXy1GV6v3Ey5QU5eV_sQu5p8J0seN5z5eUL_E1yy.xP5Y0vOdzYp6QS6b6o3yF*K03Q_mLOqdlJJlr8T11j4UvgXy5Pp3Gr5lyp4b_nJx*ENkOfUvUNJAzEsJRLZclx4_XrqmNm5.IGte5Wg1bvQUV9VwSUySJrxlYmxjw3Mmp3N*G6mpOk1FJkAJoTTV42kx*OgRNf4h5o_E5f*BgQGNK8e4YcjdBcxAfBZlN.HIFSFlndTp0KKknvnicqqt.Z_4uwnauX77_v_i_1&mobile=1399844055
2026-07-02 20:59:32.131 | INFO     | __main__:send_sms:358 - validate=CN31_4a50E.wcrIJiJQbWOjaNa9WGzZg_qlz_pR1rojmo4ISj2Zzhu4g.MyWU4LsHmMP3VWcpFgtebV0aqYPqMSdWtKG2P_X4wzutWIbqKf9lU9E6Q2jnImH.gLaanTniQEzvE00pa_NZyS4uMOAgbAxj5MRYuKAWZVyPP1U0IaMk3wq5Mgz5TCWhN*D5ryQWDO6xvXegv_UF3qx.8QHvvtaS2o8TBRc4y61hJO.UrV1hDdlUr3HEI2rongqpfS_YlSGSXy1GV6v3Ey5QU5eV_sQu5p8J0seN5z5eUL_E1yy.xP5Y0vOdzYp6QS6b6o3yF*K03Q_mLOqdlJJlr8T11j4UvgXy5Pp3Gr5lyp4b_nJx*ENkOfUvUNJAzEsJRLZclx4_XrqmNm5.IGte5Wg1bvQUV9VwSUySJrxlYmxjw3Mmp3N*G6mpOk1FJkAJoTTV42kx*OgRNf4h5o_E5f*BgQGNK8e4YcjdBcxAfBZlN.HIFSFlndTp0KKknvnicqqt.Z_4uwnauX77_v_i_1&mobile=1399844055
2026-07-02 20:59:32.131 | INFO     | __main__:send_sms:358 - validate=CN31_4a50E.wcrIJiJQbWOjaNa9WGzZg_qlz_pR1rojmo4ISj2Zzhu4g.MyWU4LsHmMP3VWcpFgtebV0aqYPqMSdWtKG2P_X4wzutWIbqKf9lU9E6Q2jnImH.gLaanTniQEzvE00pa_NZyS4uMOAgbAxj5MRYuKAWZVyPP1U0IaMk3wq5Mgz5TCWhN*D5ryQWDO6xvXegv_UF3qx.8QHvvtaS2o8TBRc4y61hJO.UrV1hDdlUr3HEI2rongqpfS_YlSGSXy1GV6v3Ey5QU5eV_sQu5p8J0seN5z5eUL_E1yy.xP5Y0vOdzYp6QS6b6o3yF*K03Q_mLOqdlJJlr8T11j4UvgXy5Pp3Gr5lyp4b_nJx*ENkOfUvUNJAzEsJRLZclx4_XrqmNm5.IGte5Wg1bvQUV9VwSUySJrxlYmxjw3Mmp3N*G6mpOk1FJkAJoTTV42kx*OgRNf4h5o_E5f*BgQGNK8e4YcjdBcxAfBZlN.HIFSFlndTp0KKknvnicqqt.Z_4uwnauX77_v_i_1&mobile=1399844055
2026-07-02 20:59:32.131 | INFO     | __main__:send_sms:358 - validate=CN31_4a50E.wcrIJiJQbWOjaNa9WGzZg_qlz_pR1rojmo4ISj2Zzhu4g.MyWU4LsHmMP3VWcpFgtebV0aqYPqMSdWtKG2P_X4wzutWIbqKf9lU9E6Q2jnImH.gLaanTniQEzvE00pa_NZyS4uMOAgbAxj5MRYuKAWZVyPP1U0IaMk3wq5Mgz5TCWhN*D5ryQWDO6xvXegv_UF3qx.8QHvvtaS2o8TBRc4y61hJO.UrV1hDdlUr3HEI2rongqpfS_YlSGSXy1GV6v3Ey5QU5eV_sQu5p8J0seN5z5eUL_E1yy.xP5Y0vOdzYp6QS6b6o3yF*K03Q_mLOqdlJJlr8T11j4UvgXy5Pp3Gr5lyp4b_nJx*ENkOfUvUNJAzEsJRLZclx4_XrqmNm5.IGte5Wg1bvQUV9VwSUySJrxlYmxjw3Mmp3N*G6mpOk1FJkAJoTTV42kx*OgRNf4h5o_E5f*BgQGNK8e4YcjdBcxAfBZlN.HIFSFlndTp0KKknvnicqqt.Z_4uwnauX77_v_i_1&mobile=1399844055
2026-07-02 20:59:32.131 | INFO     | __main__:send_sms:358 - validate=CN31_4a50E.wcrIJiJQbWOjaNa9WGzZg_qlz_pR1rojmo4ISj2Zzhu4g.MyWU4LsHmMP3VWcpFgtebV0aqYPqMSdWtKG2P_X4wzutWIbqKf9lU9E6Q2jnImH.gLaanTniQEzvE00pa_NZyS4uMOAgbAxj5MRYuKAWZVyPP1U0IaMk3wq5Mgz5TCWhN*D5ryQWDO6xvXegv_UF3qx.8QHvvtaS2o8TBRc4y61hJO.UrV1hDdlUr3HEI2rongqpfS_YlSGSXy1GV6v3Ey5QU5eV_sQu5p8J0seN5z5eUL_E1yy.xP5Y0vOdzYp6QS6b6o3yF*K03Q_mLOqdlJJlr8T11j4UvgXy5Pp3Gr5lyp4b_nJx*ENkOfUvUNJAzEsJRLZclx4_XrqmNm5.IGte5Wg1bvQUV9VwSUySJrxlYmxjw3Mmp3N*G6mpOk1FJkAJoTTV42kx*OgRNf4h5o_E5f*BgQGNK8e4YcjdBcxAfBZlN.HIFSFlndTp0KKknvnicqqt.Z_4uwnauX77_v_i_1&mobile=1399844055
2026-07-02 20:59:32.131 | INFO     | __main__:send_sms:358 - validate=CN31_4a50E.wcrIJiJQbWOjaNa9WGzZg_qlz_pR1rojmo4ISj2Zzhu4g.MyWU4LsHmMP3VWcpFgtebV0aqYPqMSdWtKG2P_X4wzutWIbqKf9lU9E6Q2jnImH.gLaanTniQEzvE00pa_NZyS4uMOAgbAxj5MRYuKAWZVyPP1U0IaMk3wq5Mgz5TCWhN*D5ryQWDO6xvXegv_UF3qx.8QHvvtaS2o8TBRc4y61hJO.UrV1hDdlUr3HEI2rongqpfS_YlSGSXy1GV6v3Ey5QU5eV_sQu5p8J0seN5z5eUL_E1yy.xP5Y0vOdzYp6QS6b6o3yF*K03Q_mLOqdlJJlr8T11j4UvgXy5Pp3Gr5lyp4b_nJx*ENkOfUvUNJAzEsJRLZclx4_XrqmNm5.IGte5Wg1bvQUV9VwSUySJrxlYmxjw3Mmp3N*G6mpOk1FJkAJoTTV42kx*OgRNf4h5o_E5f*BgQGNK8e4YcjdBcxAfBZlN.HIFSFlndTp0KKknvnicqqt.Z_4uwnauX77_v_i_1&mobile=1399844055
2026-07-02 20:59:32.219 | INFO     | __main__:send_sms:379 - {'code': 0, 'message': '短信验证码发送错误'}
2026-07-02 20:59:32.219 | INFO     | __main__:send_sms:379 - {'code': 0, 'message': '短信验证码发送错误'}
2026-07-02 20:59:32.219 | INFO     | __main__:send_sms:379 - {'code': 0, 'message': '短信验证码发送错误'}
2026-07-02 20:59:32.219 | INFO     | __main__:send_sms:379 - {'code': 0, 'message': '短信验证码发送错误'}
2026-07-02 20:59:32.219 | INFO     | __main__:send_sms:379 - {'code': 0, 'message': '短信验证码发送错误'}
2026-07-02 20:59:32.219 | INFO     | __main__:send_sms:379 - {'code': 0, 'message': '短信验证码发送错误'}
2026-07-02 20:59:32.219 | INFO     | __main__:send_sms:379 - {'code': 0, 'message': '短信验证码发送错误'}
2026-07-02 20:59:32.219 | INFO     | __main__:send_sms:379 - {'code': 0, 'message': '短信验证码发送错误'}
2026-07-02 20:59:33.645 | INFO     | __main__:verify_captcha:338 - {'data': {'result': True, 'zoneId': 'CN31', 'token': 'afc3cdafa7204cb5ae23e4c1f6a3f93d', 'validate': 'smU5uUd8C4R6FE5occftQk3OC9zFQ3qvmQJlX0BjwKesaqK6BJ0Z0NtdiTPzf1li5AnFVmqv4ueCJqYCig55fjXMs136VcByxFqjWekRoiOUAX44eGlqfkn/DYBnYQE2mAknnoUCIS0yj+tfjrPe9Z2sAltyen9GWE88zgpxiJ4='}, 'error': 0, 'msg': 'ok'}
2026-07-02 20:59:33.645 | INFO     | __main__:verify_captcha:338 - {'data': {'result': True, 'zoneId': 'CN31', 'token': 'afc3cdafa7204cb5ae23e4c1f6a3f93d', 'validate': 'smU5uUd8C4R6FE5occftQk3OC9zFQ3qvmQJlX0BjwKesaqK6BJ0Z0NtdiTPzf1li5AnFVmqv4ueCJqYCig55fjXMs136VcByxFqjWekRoiOUAX44eGlqfkn/DYBnYQE2mAknnoUCIS0yj+tfjrPe9Z2sAltyen9GWE88zgpxiJ4='}, 'error': 0, 'msg': 'ok'}
2026-07-02 20:59:33.645 | INFO     | __main__:verify_captcha:338 - {'data': {'result': True, 'zoneId': 'CN31', 'token': 'afc3cdafa7204cb5ae23e4c1f6a3f93d', 'validate': 'smU5uUd8C4R6FE5occftQk3OC9zFQ3qvmQJlX0BjwKesaqK6BJ0Z0NtdiTPzf1li5AnFVmqv4ueCJqYCig55fjXMs136VcByxFqjWekRoiOUAX44eGlqfkn/DYBnYQE2mAknnoUCIS0yj+tfjrPe9Z2sAltyen9GWE88zgpxiJ4='}, 'error': 0, 'msg': 'ok'}
2026-07-02 20:59:33.645 | INFO     | __main__:verify_captcha:338 - {'data': {'result': True, 'zoneId': 'CN31', 'token': 'afc3cdafa7204cb5ae23e4c1f6a3f93d', 'validate': 'smU5uUd8C4R6FE5occftQk3OC9zFQ3qvmQJlX0BjwKesaqK6BJ0Z0NtdiTPzf1li5AnFVmqv4ueCJqYCig55fjXMs136VcByxFqjWekRoiOUAX44eGlqfkn/DYBnYQE2mAknnoUCIS0yj+tfjrPe9Z2sAltyen9GWE88zgpxiJ4='}, 'error': 0, 'msg': 'ok'}
2026-07-02 20:59:33.645 | INFO     | __main__:verify_captcha:338 - {'data': {'result': True, 'zoneId': 'CN31', 'token': 'afc3cdafa7204cb5ae23e4c1f6a3f93d', 'validate': 'smU5uUd8C4R6FE5occftQk3OC9zFQ3qvmQJlX0BjwKesaqK6BJ0Z0NtdiTPzf1li5AnFVmqv4ueCJqYCig55fjXMs136VcByxFqjWekRoiOUAX44eGlqfkn/DYBnYQE2mAknnoUCIS0yj+tfjrPe9Z2sAltyen9GWE88zgpxiJ4='}, 'error': 0, 'msg': 'ok'}
2026-07-02 20:59:33.645 | INFO     | __main__:verify_captcha:338 - {'data': {'result': True, 'zoneId': 'CN31', 'token': 'afc3cdafa7204cb5ae23e4c1f6a3f93d', 'validate': 'smU5uUd8C4R6FE5occftQk3OC9zFQ3qvmQJlX0BjwKesaqK6BJ0Z0NtdiTPzf1li5AnFVmqv4ueCJqYCig55fjXMs136VcByxFqjWekRoiOUAX44eGlqfkn/DYBnYQE2mAknnoUCIS0yj+tfjrPe9Z2sAltyen9GWE88zgpxiJ4='}, 'error': 0, 'msg': 'ok'}
2026-07-02 20:59:33.645 | INFO     | __main__:verify_captcha:338 - {'data': {'result': True, 'zoneId': 'CN31', 'token': 'afc3cdafa7204cb5ae23e4c1f6a3f93d', 'validate': 'smU5uUd8C4R6FE5occftQk3OC9zFQ3qvmQJlX0BjwKesaqK6BJ0Z0NtdiTPzf1li5AnFVmqv4ueCJqYCig55fjXMs136VcByxFqjWekRoiOUAX44eGlqfkn/DYBnYQE2mAknnoUCIS0yj+tfjrPe9Z2sAltyen9GWE88zgpxiJ4='}, 'error': 0, 'msg': 'ok'}
2026-07-02 20:59:33.645 | INFO     | __main__:verify_captcha:338 - {'data': {'result': True, 'zoneId': 'CN31', 'token': 'afc3cdafa7204cb5ae23e4c1f6a3f93d', 'validate': 'smU5uUd8C4R6FE5occftQk3OC9zFQ3qvmQJlX0BjwKesaqK6BJ0Z0NtdiTPzf1li5AnFVmqv4ueCJqYCig55fjXMs136VcByxFqjWekRoiOUAX44eGlqfkn/DYBnYQE2mAknnoUCIS0yj+tfjrPe9Z2sAltyen9GWE88zgpxiJ4='}, 'error': 0, 'msg': 'ok'}
2026-07-02 20:59:33.645 | INFO     | __main__:verify_captcha:338 - {'data': {'result': True, 'zoneId': 'CN31', 'token': 'afc3cdafa7204cb5ae23e4c1f6a3f93d', 'validate': 'smU5uUd8C4R6FE5occftQk3OC9zFQ3qvmQJlX0BjwKesaqK6BJ0Z0NtdiTPzf1li5AnFVmqv4ueCJqYCig55fjXMs136VcByxFqjWekRoiOUAX44eGlqfkn/DYBnYQE2mAknnoUCIS0yj+tfjrPe9Z2sAltyen9GWE88zgpxiJ4='}, 'error': 0, 'msg': 'ok'}
2026-07-02 20:59:33.647 | SUCCESS  | __main__:verify_captcha:341 - 验证码验证成功
2026-07-02 20:59:33.647 | SUCCESS  | __main__:verify_captcha:341 - 验证码验证成功
2026-07-02 20:59:33.647 | SUCCESS  | __main__:verify_captcha:341 - 验证码验证成功
2026-07-02 20:59:33.647 | SUCCESS  | __main__:verify_captcha:341 - 验证码验证成功
2026-07-02 20:59:33.647 | SUCCESS  | __main__:verify_captcha:341 - 验证码验证成功
2026-07-02 20:59:33.647 | SUCCESS  | __main__:verify_captcha:341 - 验证码验证成功
2026-07-02 20:59:33.647 | SUCCESS  | __main__:verify_captcha:341 - 验证码验证成功
2026-07-02 20:59:33.647 | SUCCESS  | __main__:verify_captcha:341 - 验证码验证成功
2026-07-02 20:59:33.647 | SUCCESS  | __main__:verify_captcha:341 - 验证码验证成功
2026-07-02 20:59:33.648 | INFO     | __main__:send_sms:358 - validate=CN31_ZraQHbzacuHq4VHOCZRZvYkTKCWEGvLIK5dwhN35BPYjabHafrMNUpHvCA9pRklQM1qU*3EtH.lY*.Pz*mCOIK0rRxyj_VDHJOcEos3VMHidDqD4rTUIeibaCW5cqPogi59Cp.6gKxTm5ubGSitowADlSAdpdDnJxBWkh406fKX0Qc*1S19RO6zof4QOzf_5Z6i0wcNQbSK81bmQpoWvM0O_csPOihPaiys1cLLrNs*n5i62cJdM8zk0Dz*D5.*TGRZtQtjcb2tsP5HHUlbPoJzyGhKotVr9j.bu3SRKGgR2LfeDotijnW*qrwl.LEgiSAw1DYuo.ibUg_fvYdnj_2if8*10iJ_O3AOyCAoMaod_y4bv_ofXBcv0*6r_wAOEDNRJQkmRNqSlFyR9ah1Up21Ob9XFLolehLFPgoSLPO0dawg0FW4Co5QDfH19giFvqIkDLgKh0hLap*nq2gIZws8FyGem81a9_zjmygBDgD8fCvNLee8SleRvFfL*mRVvG1X2IM77_v_i_1&mobile=13910536893
2026-07-02 20:59:33.648 | INFO     | __main__:send_sms:358 - validate=CN31_ZraQHbzacuHq4VHOCZRZvYkTKCWEGvLIK5dwhN35BPYjabHafrMNUpHvCA9pRklQM1qU*3EtH.lY*.Pz*mCOIK0rRxyj_VDHJOcEos3VMHidDqD4rTUIeibaCW5cqPogi59Cp.6gKxTm5ubGSitowADlSAdpdDnJxBWkh406fKX0Qc*1S19RO6zof4QOzf_5Z6i0wcNQbSK81bmQpoWvM0O_csPOihPaiys1cLLrNs*n5i62cJdM8zk0Dz*D5.*TGRZtQtjcb2tsP5HHUlbPoJzyGhKotVr9j.bu3SRKGgR2LfeDotijnW*qrwl.LEgiSAw1DYuo.ibUg_fvYdnj_2if8*10iJ_O3AOyCAoMaod_y4bv_ofXBcv0*6r_wAOEDNRJQkmRNqSlFyR9ah1Up21Ob9XFLolehLFPgoSLPO0dawg0FW4Co5QDfH19giFvqIkDLgKh0hLap*nq2gIZws8FyGem81a9_zjmygBDgD8fCvNLee8SleRvFfL*mRVvG1X2IM77_v_i_1&mobile=13910536893
2026-07-02 20:59:33.648 | INFO     | __main__:send_sms:358 - validate=CN31_ZraQHbzacuHq4VHOCZRZvYkTKCWEGvLIK5dwhN35BPYjabHafrMNUpHvCA9pRklQM1qU*3EtH.lY*.Pz*mCOIK0rRxyj_VDHJOcEos3VMHidDqD4rTUIeibaCW5cqPogi59Cp.6gKxTm5ubGSitowADlSAdpdDnJxBWkh406fKX0Qc*1S19RO6zof4QOzf_5Z6i0wcNQbSK81bmQpoWvM0O_csPOihPaiys1cLLrNs*n5i62cJdM8zk0Dz*D5.*TGRZtQtjcb2tsP5HHUlbPoJzyGhKotVr9j.bu3SRKGgR2LfeDotijnW*qrwl.LEgiSAw1DYuo.ibUg_fvYdnj_2if8*10iJ_O3AOyCAoMaod_y4bv_ofXBcv0*6r_wAOEDNRJQkmRNqSlFyR9ah1Up21Ob9XFLolehLFPgoSLPO0dawg0FW4Co5QDfH19giFvqIkDLgKh0hLap*nq2gIZws8FyGem81a9_zjmygBDgD8fCvNLee8SleRvFfL*mRVvG1X2IM77_v_i_1&mobile=13910536893
2026-07-02 20:59:33.648 | INFO     | __main__:send_sms:358 - validate=CN31_ZraQHbzacuHq4VHOCZRZvYkTKCWEGvLIK5dwhN35BPYjabHafrMNUpHvCA9pRklQM1qU*3EtH.lY*.Pz*mCOIK0rRxyj_VDHJOcEos3VMHidDqD4rTUIeibaCW5cqPogi59Cp.6gKxTm5ubGSitowADlSAdpdDnJxBWkh406fKX0Qc*1S19RO6zof4QOzf_5Z6i0wcNQbSK81bmQpoWvM0O_csPOihPaiys1cLLrNs*n5i62cJdM8zk0Dz*D5.*TGRZtQtjcb2tsP5HHUlbPoJzyGhKotVr9j.bu3SRKGgR2LfeDotijnW*qrwl.LEgiSAw1DYuo.ibUg_fvYdnj_2if8*10iJ_O3AOyCAoMaod_y4bv_ofXBcv0*6r_wAOEDNRJQkmRNqSlFyR9ah1Up21Ob9XFLolehLFPgoSLPO0dawg0FW4Co5QDfH19giFvqIkDLgKh0hLap*nq2gIZws8FyGem81a9_zjmygBDgD8fCvNLee8SleRvFfL*mRVvG1X2IM77_v_i_1&mobile=13910536893
2026-07-02 20:59:33.648 | INFO     | __main__:send_sms:358 - validate=CN31_ZraQHbzacuHq4VHOCZRZvYkTKCWEGvLIK5dwhN35BPYjabHafrMNUpHvCA9pRklQM1qU*3EtH.lY*.Pz*mCOIK0rRxyj_VDHJOcEos3VMHidDqD4rTUIeibaCW5cqPogi59Cp.6gKxTm5ubGSitowADlSAdpdDnJxBWkh406fKX0Qc*1S19RO6zof4QOzf_5Z6i0wcNQbSK81bmQpoWvM0O_csPOihPaiys1cLLrNs*n5i62cJdM8zk0Dz*D5.*TGRZtQtjcb2tsP5HHUlbPoJzyGhKotVr9j.bu3SRKGgR2LfeDotijnW*qrwl.LEgiSAw1DYuo.ibUg_fvYdnj_2if8*10iJ_O3AOyCAoMaod_y4bv_ofXBcv0*6r_wAOEDNRJQkmRNqSlFyR9ah1Up21Ob9XFLolehLFPgoSLPO0dawg0FW4Co5QDfH19giFvqIkDLgKh0hLap*nq2gIZws8FyGem81a9_zjmygBDgD8fCvNLee8SleRvFfL*mRVvG1X2IM77_v_i_1&mobile=13910536893
2026-07-02 20:59:33.648 | INFO     | __main__:send_sms:358 - validate=CN31_ZraQHbzacuHq4VHOCZRZvYkTKCWEGvLIK5dwhN35BPYjabHafrMNUpHvCA9pRklQM1qU*3EtH.lY*.Pz*mCOIK0rRxyj_VDHJOcEos3VMHidDqD4rTUIeibaCW5cqPogi59Cp.6gKxTm5ubGSitowADlSAdpdDnJxBWkh406fKX0Qc*1S19RO6zof4QOzf_5Z6i0wcNQbSK81bmQpoWvM0O_csPOihPaiys1cLLrNs*n5i62cJdM8zk0Dz*D5.*TGRZtQtjcb2tsP5HHUlbPoJzyGhKotVr9j.bu3SRKGgR2LfeDotijnW*qrwl.LEgiSAw1DYuo.ibUg_fvYdnj_2if8*10iJ_O3AOyCAoMaod_y4bv_ofXBcv0*6r_wAOEDNRJQkmRNqSlFyR9ah1Up21Ob9XFLolehLFPgoSLPO0dawg0FW4Co5QDfH19giFvqIkDLgKh0hLap*nq2gIZws8FyGem81a9_zjmygBDgD8fCvNLee8SleRvFfL*mRVvG1X2IM77_v_i_1&mobile=13910536893
2026-07-02 20:59:33.648 | INFO     | __main__:send_sms:358 - validate=CN31_ZraQHbzacuHq4VHOCZRZvYkTKCWEGvLIK5dwhN35BPYjabHafrMNUpHvCA9pRklQM1qU*3EtH.lY*.Pz*mCOIK0rRxyj_VDHJOcEos3VMHidDqD4rTUIeibaCW5cqPogi59Cp.6gKxTm5ubGSitowADlSAdpdDnJxBWkh406fKX0Qc*1S19RO6zof4QOzf_5Z6i0wcNQbSK81bmQpoWvM0O_csPOihPaiys1cLLrNs*n5i62cJdM8zk0Dz*D5.*TGRZtQtjcb2tsP5HHUlbPoJzyGhKotVr9j.bu3SRKGgR2LfeDotijnW*qrwl.LEgiSAw1DYuo.ibUg_fvYdnj_2if8*10iJ_O3AOyCAoMaod_y4bv_ofXBcv0*6r_wAOEDNRJQkmRNqSlFyR9ah1Up21Ob9XFLolehLFPgoSLPO0dawg0FW4Co5QDfH19giFvqIkDLgKh0hLap*nq2gIZws8FyGem81a9_zjmygBDgD8fCvNLee8SleRvFfL*mRVvG1X2IM77_v_i_1&mobile=13910536893
2026-07-02 20:59:33.648 | INFO     | __main__:send_sms:358 - validate=CN31_ZraQHbzacuHq4VHOCZRZvYkTKCWEGvLIK5dwhN35BPYjabHafrMNUpHvCA9pRklQM1qU*3EtH.lY*.Pz*mCOIK0rRxyj_VDHJOcEos3VMHidDqD4rTUIeibaCW5cqPogi59Cp.6gKxTm5ubGSitowADlSAdpdDnJxBWkh406fKX0Qc*1S19RO6zof4QOzf_5Z6i0wcNQbSK81bmQpoWvM0O_csPOihPaiys1cLLrNs*n5i62cJdM8zk0Dz*D5.*TGRZtQtjcb2tsP5HHUlbPoJzyGhKotVr9j.bu3SRKGgR2LfeDotijnW*qrwl.LEgiSAw1DYuo.ibUg_fvYdnj_2if8*10iJ_O3AOyCAoMaod_y4bv_ofXBcv0*6r_wAOEDNRJQkmRNqSlFyR9ah1Up21Ob9XFLolehLFPgoSLPO0dawg0FW4Co5QDfH19giFvqIkDLgKh0hLap*nq2gIZws8FyGem81a9_zjmygBDgD8fCvNLee8SleRvFfL*mRVvG1X2IM77_v_i_1&mobile=13910536893
2026-07-02 20:59:33.648 | INFO     | __main__:send_sms:358 - validate=CN31_ZraQHbzacuHq4VHOCZRZvYkTKCWEGvLIK5dwhN35BPYjabHafrMNUpHvCA9pRklQM1qU*3EtH.lY*.Pz*mCOIK0rRxyj_VDHJOcEos3VMHidDqD4rTUIeibaCW5cqPogi59Cp.6gKxTm5ubGSitowADlSAdpdDnJxBWkh406fKX0Qc*1S19RO6zof4QOzf_5Z6i0wcNQbSK81bmQpoWvM0O_csPOihPaiys1cLLrNs*n5i62cJdM8zk0Dz*D5.*TGRZtQtjcb2tsP5HHUlbPoJzyGhKotVr9j.bu3SRKGgR2LfeDotijnW*qrwl.LEgiSAw1DYuo.ibUg_fvYdnj_2if8*10iJ_O3AOyCAoMaod_y4bv_ofXBcv0*6r_wAOEDNRJQkmRNqSlFyR9ah1Up21Ob9XFLolehLFPgoSLPO0dawg0FW4Co5QDfH19giFvqIkDLgKh0hLap*nq2gIZws8FyGem81a9_zjmygBDgD8fCvNLee8SleRvFfL*mRVvG1X2IM77_v_i_1&mobile=13910536893
2026-07-02 20:59:33.741 | INFO     | __main__:send_sms:379 - {'code': 0, 'message': '短信验证码发送错误'}
2026-07-02 20:59:33.741 | INFO     | __main__:send_sms:379 - {'code': 0, 'message': '短信验证码发送错误'}
2026-07-02 20:59:33.741 | INFO     | __main__:send_sms:379 - {'code': 0, 'message': '短信验证码发送错误'}
2026-07-02 20:59:33.741 | INFO     | __main__:send_sms:379 - {'code': 0, 'message': '短信验证码发送错误'}
2026-07-02 20:59:33.741 | INFO     | __main__:send_sms:379 - {'code': 0, 'message': '短信验证码发送错误'}
2026-07-02 20:59:33.741 | INFO     | __main__:send_sms:379 - {'code': 0, 'message': '短信验证码发送错误'}
2026-07-02 20:59:33.741 | INFO     | __main__:send_sms:379 - {'code': 0, 'message': '短信验证码发送错误'}
2026-07-02 20:59:33.741 | INFO     | __main__:send_sms:379 - {'code': 0, 'message': '短信验证码发送错误'}
2026-07-02 20:59:33.741 | INFO     | __main__:send_sms:379 - {'code': 0, 'message': '短信验证码发送错误'}
2026-07-02 20:59:36.197 | INFO     | __main__:verify_captcha:338 - {'data': {'result': True, 'zoneId': 'CN31', 'token': '43db81fae92a4ac6ab2a01bd4f872e4f', 'validate': 'smU5uUd8C4R6FE5occftQk3OC9zFQ3qvmQJlX0BjwKesaqK6BJ0Z0NtdiTPzf1li5AnFVmqv4ueCJqYCig55fjXMs136VcByxFqjWekRoiP11T0FG6DOnEpt0AOASGzOtzf1KGNlZVYwe1ghG9uvWUvdHjJF1nyzUtQZiSHv52w='}, 'error': 0, 'msg': 'ok'}
2026-07-02 20:59:36.197 | INFO     | __main__:verify_captcha:338 - {'data': {'result': True, 'zoneId': 'CN31', 'token': '43db81fae92a4ac6ab2a01bd4f872e4f', 'validate': 'smU5uUd8C4R6FE5occftQk3OC9zFQ3qvmQJlX0BjwKesaqK6BJ0Z0NtdiTPzf1li5AnFVmqv4ueCJqYCig55fjXMs136VcByxFqjWekRoiP11T0FG6DOnEpt0AOASGzOtzf1KGNlZVYwe1ghG9uvWUvdHjJF1nyzUtQZiSHv52w='}, 'error': 0, 'msg': 'ok'}
2026-07-02 20:59:36.197 | INFO     | __main__:verify_captcha:338 - {'data': {'result': True, 'zoneId': 'CN31', 'token': '43db81fae92a4ac6ab2a01bd4f872e4f', 'validate': 'smU5uUd8C4R6FE5occftQk3OC9zFQ3qvmQJlX0BjwKesaqK6BJ0Z0NtdiTPzf1li5AnFVmqv4ueCJqYCig55fjXMs136VcByxFqjWekRoiP11T0FG6DOnEpt0AOASGzOtzf1KGNlZVYwe1ghG9uvWUvdHjJF1nyzUtQZiSHv52w='}, 'error': 0, 'msg': 'ok'}
2026-07-02 20:59:36.197 | INFO     | __main__:verify_captcha:338 - {'data': {'result': True, 'zoneId': 'CN31', 'token': '43db81fae92a4ac6ab2a01bd4f872e4f', 'validate': 'smU5uUd8C4R6FE5occftQk3OC9zFQ3qvmQJlX0BjwKesaqK6BJ0Z0NtdiTPzf1li5AnFVmqv4ueCJqYCig55fjXMs136VcByxFqjWekRoiP11T0FG6DOnEpt0AOASGzOtzf1KGNlZVYwe1ghG9uvWUvdHjJF1nyzUtQZiSHv52w='}, 'error': 0, 'msg': 'ok'}
2026-07-02 20:59:36.197 | INFO     | __main__:verify_captcha:338 - {'data': {'result': True, 'zoneId': 'CN31', 'token': '43db81fae92a4ac6ab2a01bd4f872e4f', 'validate': 'smU5uUd8C4R6FE5occftQk3OC9zFQ3qvmQJlX0BjwKesaqK6BJ0Z0NtdiTPzf1li5AnFVmqv4ueCJqYCig55fjXMs136VcByxFqjWekRoiP11T0FG6DOnEpt0AOASGzOtzf1KGNlZVYwe1ghG9uvWUvdHjJF1nyzUtQZiSHv52w='}, 'error': 0, 'msg': 'ok'}
2026-07-02 20:59:36.197 | INFO     | __main__:verify_captcha:338 - {'data': {'result': True, 'zoneId': 'CN31', 'token': '43db81fae92a4ac6ab2a01bd4f872e4f', 'validate': 'smU5uUd8C4R6FE5occftQk3OC9zFQ3qvmQJlX0BjwKesaqK6BJ0Z0NtdiTPzf1li5AnFVmqv4ueCJqYCig55fjXMs136VcByxFqjWekRoiP11T0FG6DOnEpt0AOASGzOtzf1KGNlZVYwe1ghG9uvWUvdHjJF1nyzUtQZiSHv52w='}, 'error': 0, 'msg': 'ok'}
2026-07-02 20:59:36.197 | INFO     | __main__:verify_captcha:338 - {'data': {'result': True, 'zoneId': 'CN31', 'token': '43db81fae92a4ac6ab2a01bd4f872e4f', 'validate': 'smU5uUd8C4R6FE5occftQk3OC9zFQ3qvmQJlX0BjwKesaqK6BJ0Z0NtdiTPzf1li5AnFVmqv4ueCJqYCig55fjXMs136VcByxFqjWekRoiP11T0FG6DOnEpt0AOASGzOtzf1KGNlZVYwe1ghG9uvWUvdHjJF1nyzUtQZiSHv52w='}, 'error': 0, 'msg': 'ok'}
2026-07-02 20:59:36.197 | INFO     | __main__:verify_captcha:338 - {'data': {'result': True, 'zoneId': 'CN31', 'token': '43db81fae92a4ac6ab2a01bd4f872e4f', 'validate': 'smU5uUd8C4R6FE5occftQk3OC9zFQ3qvmQJlX0BjwKesaqK6BJ0Z0NtdiTPzf1li5AnFVmqv4ueCJqYCig55fjXMs136VcByxFqjWekRoiP11T0FG6DOnEpt0AOASGzOtzf1KGNlZVYwe1ghG9uvWUvdHjJF1nyzUtQZiSHv52w='}, 'error': 0, 'msg': 'ok'}
2026-07-02 20:59:36.197 | INFO     | __main__:verify_captcha:338 - {'data': {'result': True, 'zoneId': 'CN31', 'token': '43db81fae92a4ac6ab2a01bd4f872e4f', 'validate': 'smU5uUd8C4R6FE5occftQk3OC9zFQ3qvmQJlX0BjwKesaqK6BJ0Z0NtdiTPzf1li5AnFVmqv4ueCJqYCig55fjXMs136VcByxFqjWekRoiP11T0FG6DOnEpt0AOASGzOtzf1KGNlZVYwe1ghG9uvWUvdHjJF1nyzUtQZiSHv52w='}, 'error': 0, 'msg': 'ok'}
2026-07-02 20:59:36.197 | INFO     | __main__:verify_captcha:338 - {'data': {'result': True, 'zoneId': 'CN31', 'token': '43db81fae92a4ac6ab2a01bd4f872e4f', 'validate': 'smU5uUd8C4R6FE5occftQk3OC9zFQ3qvmQJlX0BjwKesaqK6BJ0Z0NtdiTPzf1li5AnFVmqv4ueCJqYCig55fjXMs136VcByxFqjWekRoiP11T0FG6DOnEpt0AOASGzOtzf1KGNlZVYwe1ghG9uvWUvdHjJF1nyzUtQZiSHv52w='}, 'error': 0, 'msg': 'ok'}
2026-07-02 20:59:36.198 | SUCCESS  | __main__:verify_captcha:341 - 验证码验证成功
2026-07-02 20:59:36.198 | SUCCESS  | __main__:verify_captcha:341 - 验证码验证成功
2026-07-02 20:59:36.198 | SUCCESS  | __main__:verify_captcha:341 - 验证码验证成功
2026-07-02 20:59:36.198 | SUCCESS  | __main__:verify_captcha:341 - 验证码验证成功
2026-07-02 20:59:36.198 | SUCCESS  | __main__:verify_captcha:341 - 验证码验证成功
2026-07-02 20:59:36.198 | SUCCESS  | __main__:verify_captcha:341 - 验证码验证成功
2026-07-02 20:59:36.198 | SUCCESS  | __main__:verify_captcha:341 - 验证码验证成功
2026-07-02 20:59:36.198 | SUCCESS  | __main__:verify_captcha:341 - 验证码验证成功
2026-07-02 20:59:36.198 | SUCCESS  | __main__:verify_captcha:341 - 验证码验证成功
2026-07-02 20:59:36.198 | SUCCESS  | __main__:verify_captcha:341 - 验证码验证成功
2026-07-02 20:59:36.202 | INFO     | __main__:send_sms:358 - validate=CN31_L8s9F0Nva1wvBVKZ1d5p8Wwd.BYylpvb41JvIKaYGm8kS1VHagyuAFaz2Z5Y*rm*UJtaerJi6RX5sYfgaEtV65C*CE4NdDeN4yxNDOWtiBalfQsV.S2XaH_EuZ6BsH5jzi2DvNSYGk2Ge3LL3alH52nVji*foz58QEaz5IQQ3MggQETHIFb4j8gAxap.5t2N2.hVR3lhX*QmTB.ETu*q6pYL2ykW9JFJXWWiEVaz5OXc4Q5yAiPKVgY2P1Z3gQ.C1TSlVDN5r.RI0p3bEwHOOUnjxbVI8OD0aFUgVUgW.rjn5NwI4HJ0V9a.5sCFEJEGBV_*rhYXnnjaYYpunqGv_VrwujwjSrYivESetR9U8pFhpyFJq9f1SEV*qdalAJc.0uRFvdwWl1mQM5ESYVnJ.qmWUnEtCuju0CasNCi3Qpps1.Ejx1FyeoBVj0vXO1OTrz.e8*JzoxgRVAQzUCayvSbIp*cyIDIU__S_UkCKO6a9KFzP4Sb3Xf42pLZ*.ArpfWXc8Y77_v_i_1&mobile=13967586678
2026-07-02 20:59:36.202 | INFO     | __main__:send_sms:358 - validate=CN31_L8s9F0Nva1wvBVKZ1d5p8Wwd.BYylpvb41JvIKaYGm8kS1VHagyuAFaz2Z5Y*rm*UJtaerJi6RX5sYfgaEtV65C*CE4NdDeN4yxNDOWtiBalfQsV.S2XaH_EuZ6BsH5jzi2DvNSYGk2Ge3LL3alH52nVji*foz58QEaz5IQQ3MggQETHIFb4j8gAxap.5t2N2.hVR3lhX*QmTB.ETu*q6pYL2ykW9JFJXWWiEVaz5OXc4Q5yAiPKVgY2P1Z3gQ.C1TSlVDN5r.RI0p3bEwHOOUnjxbVI8OD0aFUgVUgW.rjn5NwI4HJ0V9a.5sCFEJEGBV_*rhYXnnjaYYpunqGv_VrwujwjSrYivESetR9U8pFhpyFJq9f1SEV*qdalAJc.0uRFvdwWl1mQM5ESYVnJ.qmWUnEtCuju0CasNCi3Qpps1.Ejx1FyeoBVj0vXO1OTrz.e8*JzoxgRVAQzUCayvSbIp*cyIDIU__S_UkCKO6a9KFzP4Sb3Xf42pLZ*.ArpfWXc8Y77_v_i_1&mobile=13967586678
2026-07-02 20:59:36.202 | INFO     | __main__:send_sms:358 - validate=CN31_L8s9F0Nva1wvBVKZ1d5p8Wwd.BYylpvb41JvIKaYGm8kS1VHagyuAFaz2Z5Y*rm*UJtaerJi6RX5sYfgaEtV65C*CE4NdDeN4yxNDOWtiBalfQsV.S2XaH_EuZ6BsH5jzi2DvNSYGk2Ge3LL3alH52nVji*foz58QEaz5IQQ3MggQETHIFb4j8gAxap.5t2N2.hVR3lhX*QmTB.ETu*q6pYL2ykW9JFJXWWiEVaz5OXc4Q5yAiPKVgY2P1Z3gQ.C1TSlVDN5r.RI0p3bEwHOOUnjxbVI8OD0aFUgVUgW.rjn5NwI4HJ0V9a.5sCFEJEGBV_*rhYXnnjaYYpunqGv_VrwujwjSrYivESetR9U8pFhpyFJq9f1SEV*qdalAJc.0uRFvdwWl1mQM5ESYVnJ.qmWUnEtCuju0CasNCi3Qpps1.Ejx1FyeoBVj0vXO1OTrz.e8*JzoxgRVAQzUCayvSbIp*cyIDIU__S_UkCKO6a9KFzP4Sb3Xf42pLZ*.ArpfWXc8Y77_v_i_1&mobile=13967586678
2026-07-02 20:59:36.202 | INFO     | __main__:send_sms:358 - validate=CN31_L8s9F0Nva1wvBVKZ1d5p8Wwd.BYylpvb41JvIKaYGm8kS1VHagyuAFaz2Z5Y*rm*UJtaerJi6RX5sYfgaEtV65C*CE4NdDeN4yxNDOWtiBalfQsV.S2XaH_EuZ6BsH5jzi2DvNSYGk2Ge3LL3alH52nVji*foz58QEaz5IQQ3MggQETHIFb4j8gAxap.5t2N2.hVR3lhX*QmTB.ETu*q6pYL2ykW9JFJXWWiEVaz5OXc4Q5yAiPKVgY2P1Z3gQ.C1TSlVDN5r.RI0p3bEwHOOUnjxbVI8OD0aFUgVUgW.rjn5NwI4HJ0V9a.5sCFEJEGBV_*rhYXnnjaYYpunqGv_VrwujwjSrYivESetR9U8pFhpyFJq9f1SEV*qdalAJc.0uRFvdwWl1mQM5ESYVnJ.qmWUnEtCuju0CasNCi3Qpps1.Ejx1FyeoBVj0vXO1OTrz.e8*JzoxgRVAQzUCayvSbIp*cyIDIU__S_UkCKO6a9KFzP4Sb3Xf42pLZ*.ArpfWXc8Y77_v_i_1&mobile=13967586678
2026-07-02 20:59:36.202 | INFO     | __main__:send_sms:358 - validate=CN31_L8s9F0Nva1wvBVKZ1d5p8Wwd.BYylpvb41JvIKaYGm8kS1VHagyuAFaz2Z5Y*rm*UJtaerJi6RX5sYfgaEtV65C*CE4NdDeN4yxNDOWtiBalfQsV.S2XaH_EuZ6BsH5jzi2DvNSYGk2Ge3LL3alH52nVji*foz58QEaz5IQQ3MggQETHIFb4j8gAxap.5t2N2.hVR3lhX*QmTB.ETu*q6pYL2ykW9JFJXWWiEVaz5OXc4Q5yAiPKVgY2P1Z3gQ.C1TSlVDN5r.RI0p3bEwHOOUnjxbVI8OD0aFUgVUgW.rjn5NwI4HJ0V9a.5sCFEJEGBV_*rhYXnnjaYYpunqGv_VrwujwjSrYivESetR9U8pFhpyFJq9f1SEV*qdalAJc.0uRFvdwWl1mQM5ESYVnJ.qmWUnEtCuju0CasNCi3Qpps1.Ejx1FyeoBVj0vXO1OTrz.e8*JzoxgRVAQzUCayvSbIp*cyIDIU__S_UkCKO6a9KFzP4Sb3Xf42pLZ*.ArpfWXc8Y77_v_i_1&mobile=13967586678
2026-07-02 20:59:36.202 | INFO     | __main__:send_sms:358 - validate=CN31_L8s9F0Nva1wvBVKZ1d5p8Wwd.BYylpvb41JvIKaYGm8kS1VHagyuAFaz2Z5Y*rm*UJtaerJi6RX5sYfgaEtV65C*CE4NdDeN4yxNDOWtiBalfQsV.S2XaH_EuZ6BsH5jzi2DvNSYGk2Ge3LL3alH52nVji*foz58QEaz5IQQ3MggQETHIFb4j8gAxap.5t2N2.hVR3lhX*QmTB.ETu*q6pYL2ykW9JFJXWWiEVaz5OXc4Q5yAiPKVgY2P1Z3gQ.C1TSlVDN5r.RI0p3bEwHOOUnjxbVI8OD0aFUgVUgW.rjn5NwI4HJ0V9a.5sCFEJEGBV_*rhYXnnjaYYpunqGv_VrwujwjSrYivESetR9U8pFhpyFJq9f1SEV*qdalAJc.0uRFvdwWl1mQM5ESYVnJ.qmWUnEtCuju0CasNCi3Qpps1.Ejx1FyeoBVj0vXO1OTrz.e8*JzoxgRVAQzUCayvSbIp*cyIDIU__S_UkCKO6a9KFzP4Sb3Xf42pLZ*.ArpfWXc8Y77_v_i_1&mobile=13967586678
2026-07-02 20:59:36.202 | INFO     | __main__:send_sms:358 - validate=CN31_L8s9F0Nva1wvBVKZ1d5p8Wwd.BYylpvb41JvIKaYGm8kS1VHagyuAFaz2Z5Y*rm*UJtaerJi6RX5sYfgaEtV65C*CE4NdDeN4yxNDOWtiBalfQsV.S2XaH_EuZ6BsH5jzi2DvNSYGk2Ge3LL3alH52nVji*foz58QEaz5IQQ3MggQETHIFb4j8gAxap.5t2N2.hVR3lhX*QmTB.ETu*q6pYL2ykW9JFJXWWiEVaz5OXc4Q5yAiPKVgY2P1Z3gQ.C1TSlVDN5r.RI0p3bEwHOOUnjxbVI8OD0aFUgVUgW.rjn5NwI4HJ0V9a.5sCFEJEGBV_*rhYXnnjaYYpunqGv_VrwujwjSrYivESetR9U8pFhpyFJq9f1SEV*qdalAJc.0uRFvdwWl1mQM5ESYVnJ.qmWUnEtCuju0CasNCi3Qpps1.Ejx1FyeoBVj0vXO1OTrz.e8*JzoxgRVAQzUCayvSbIp*cyIDIU__S_UkCKO6a9KFzP4Sb3Xf42pLZ*.ArpfWXc8Y77_v_i_1&mobile=13967586678
2026-07-02 20:59:36.202 | INFO     | __main__:send_sms:358 - validate=CN31_L8s9F0Nva1wvBVKZ1d5p8Wwd.BYylpvb41JvIKaYGm8kS1VHagyuAFaz2Z5Y*rm*UJtaerJi6RX5sYfgaEtV65C*CE4NdDeN4yxNDOWtiBalfQsV.S2XaH_EuZ6BsH5jzi2DvNSYGk2Ge3LL3alH52nVji*foz58QEaz5IQQ3MggQETHIFb4j8gAxap.5t2N2.hVR3lhX*QmTB.ETu*q6pYL2ykW9JFJXWWiEVaz5OXc4Q5yAiPKVgY2P1Z3gQ.C1TSlVDN5r.RI0p3bEwHOOUnjxbVI8OD0aFUgVUgW.rjn5NwI4HJ0V9a.5sCFEJEGBV_*rhYXnnjaYYpunqGv_VrwujwjSrYivESetR9U8pFhpyFJq9f1SEV*qdalAJc.0uRFvdwWl1mQM5ESYVnJ.qmWUnEtCuju0CasNCi3Qpps1.Ejx1FyeoBVj0vXO1OTrz.e8*JzoxgRVAQzUCayvSbIp*cyIDIU__S_UkCKO6a9KFzP4Sb3Xf42pLZ*.ArpfWXc8Y77_v_i_1&mobile=13967586678
2026-07-02 20:59:36.202 | INFO     | __main__:send_sms:358 - validate=CN31_L8s9F0Nva1wvBVKZ1d5p8Wwd.BYylpvb41JvIKaYGm8kS1VHagyuAFaz2Z5Y*rm*UJtaerJi6RX5sYfgaEtV65C*CE4NdDeN4yxNDOWtiBalfQsV.S2XaH_EuZ6BsH5jzi2DvNSYGk2Ge3LL3alH52nVji*foz58QEaz5IQQ3MggQETHIFb4j8gAxap.5t2N2.hVR3lhX*QmTB.ETu*q6pYL2ykW9JFJXWWiEVaz5OXc4Q5yAiPKVgY2P1Z3gQ.C1TSlVDN5r.RI0p3bEwHOOUnjxbVI8OD0aFUgVUgW.rjn5NwI4HJ0V9a.5sCFEJEGBV_*rhYXnnjaYYpunqGv_VrwujwjSrYivESetR9U8pFhpyFJq9f1SEV*qdalAJc.0uRFvdwWl1mQM5ESYVnJ.qmWUnEtCuju0CasNCi3Qpps1.Ejx1FyeoBVj0vXO1OTrz.e8*JzoxgRVAQzUCayvSbIp*cyIDIU__S_UkCKO6a9KFzP4Sb3Xf42pLZ*.ArpfWXc8Y77_v_i_1&mobile=13967586678
2026-07-02 20:59:36.202 | INFO     | __main__:send_sms:358 - validate=CN31_L8s9F0Nva1wvBVKZ1d5p8Wwd.BYylpvb41JvIKaYGm8kS1VHagyuAFaz2Z5Y*rm*UJtaerJi6RX5sYfgaEtV65C*CE4NdDeN4yxNDOWtiBalfQsV.S2XaH_EuZ6BsH5jzi2DvNSYGk2Ge3LL3alH52nVji*foz58QEaz5IQQ3MggQETHIFb4j8gAxap.5t2N2.hVR3lhX*QmTB.ETu*q6pYL2ykW9JFJXWWiEVaz5OXc4Q5yAiPKVgY2P1Z3gQ.C1TSlVDN5r.RI0p3bEwHOOUnjxbVI8OD0aFUgVUgW.rjn5NwI4HJ0V9a.5sCFEJEGBV_*rhYXnnjaYYpunqGv_VrwujwjSrYivESetR9U8pFhpyFJq9f1SEV*qdalAJc.0uRFvdwWl1mQM5ESYVnJ.qmWUnEtCuju0CasNCi3Qpps1.Ejx1FyeoBVj0vXO1OTrz.e8*JzoxgRVAQzUCayvSbIp*cyIDIU__S_UkCKO6a9KFzP4Sb3Xf42pLZ*.ArpfWXc8Y77_v_i_1&mobile=13967586678
2026-07-02 20:59:36.317 | INFO     | __main__:send_sms:379 - {'code': 0, 'message': '短信验证码发送错误'}
2026-07-02 20:59:36.317 | INFO     | __main__:send_sms:379 - {'code': 0, 'message': '短信验证码发送错误'}
2026-07-02 20:59:36.317 | INFO     | __main__:send_sms:379 - {'code': 0, 'message': '短信验证码发送错误'}
2026-07-02 20:59:36.317 | INFO     | __main__:send_sms:379 - {'code': 0, 'message': '短信验证码发送错误'}
2026-07-02 20:59:36.317 | INFO     | __main__:send_sms:379 - {'code': 0, 'message': '短信验证码发送错误'}
2026-07-02 20:59:36.317 | INFO     | __main__:send_sms:379 - {'code': 0, 'message': '短信验证码发送错误'}
2026-07-02 20:59:36.317 | INFO     | __main__:send_sms:379 - {'code': 0, 'message': '短信验证码发送错误'}
2026-07-02 20:59:36.317 | INFO     | __main__:send_sms:379 - {'code': 0, 'message': '短信验证码发送错误'}
2026-07-02 20:59:36.317 | INFO     | __main__:send_sms:379 - {'code': 0, 'message': '短信验证码发送错误'}
2026-07-02 20:59:36.317 | INFO     | __main__:send_sms:379 - {'code': 0, 'message': '短信验证码发送错误'}
